{"numFailedTestSuites":6,"numFailedTests":6,"numPassedTestSuites":105,"numPassedTests":1841,"numPendingTestSuites":0,"numPendingTests":14,"numRuntimeErrorTestSuites":2,"numTodoTests":0,"numTotalTestSuites":111,"numTotalTests":1861,"openHandles":[],"snapshot":{"added":0,"didUpdate":false,"failure":false,"filesAdded":0,"filesRemoved":0,"filesRemovedList":[],"filesUnmatched":0,"filesUpdated":0,"matched":0,"total":0,"unchecked":0,"uncheckedKeysByFile":[],"unmatched":0,"updated":0},"startTime":1770880869573,"success":false,"testResults":[{"assertionResults":[{"ancestorTitles":["JSON Resume Conversion","convertToJSONResume"],"duration":20,"failing":false,"failureDetails":[],"failureMessages":[],"fullName":"JSON Resume Conversion convertToJSONResume should convert resume data to JSON Resume format","invocations":1,"location":null,"numPassingAsserts":6,"retryReasons":[],"startAt":1770880871484,"status":"passed","title":"should convert resume data to JSON Resume format"},{"ancestorTitles":["JSON Resume Conversion","convertToJSONResume"],"duration":13,"failing":false,"failureDetails":[],"failureMessages":[],"fullName":"JSON Resume Conversion convertToJSONResume should produce valid JSON Resume schema output","invocations":1,"location":null,"numPassingAsserts":1,"retryReasons":[],"startAt":1770880871505,"status":"passed","title":"should produce valid JSON Resume schema output"},{"ancestorTitles":["JSON Resume Conversion","convertToJSONResume"],"duration":1,"failing":false,"failureDetails":[],"failureMessages":[],"fullName":"JSON Resume Conversion convertToJSONResume should correctly map basics fields","invocations":1,"location":null,"numPassingAsserts":6,"retryReasons":[],"startAt":1770880871518,"status":"passed","title":"should correctly map basics fields"},{"ancestorTitles":["JSON Resume Conversion","convertToJSONResume"],"duration":1,"failing":false,"failureDetails":[],"failureMessages":[],"fullName":"JSON Resume Conversion convertToJSONResume should parse location from address","invocations":1,"location":null,"numPassingAsserts":5,"retryReasons":[],"startAt":1770880871519,"status":"passed","title":"should parse location from address"},{"ancestorTitles":["JSON Resume Conversion","convertToJSONResume"],"duration":1,"failing":false,"failureDetails":[],"failureMessages":[],"fullName":"JSON Resume Conversion convertToJSONResume should convert social media profiles correctly","invocations":1,"location":null,"numPassingAsserts":4,"retryReasons":[],"startAt":1770880871520,"status":"passed","title":"should convert social media profiles correctly"},{"ancestorTitles":["JSON Resume Conversion","convertToJSONResume"],"duration":29,"failing":false,"failureDetails":[],"failureMessages":[],"fullName":"JSON Resume Conversion convertToJSONResume should convert work experience with all fields","invocations":1,"location":null,"numPassingAsserts":10,"retryReasons":[],"startAt":1770880871521,"status":"passed","title":"should convert work experience with all fields"},{"ancestorTitles":["JSON Resume Conversion","convertToJSONResume"],"duration":3,"failing":false,"failureDetails":[],"failureMessages":[],"fullName":"JSON Resume Conversion convertToJSONResume should convert education with correct fields","invocations":1,"location":null,"numPassingAsserts":7,"retryReasons":[],"startAt":1770880871550,"status":"passed","title":"should convert education with correct fields"},{"ancestorTitles":["JSON Resume Conversion","convertToJSONResume"],"duration":1,"failing":false,"failureDetails":[],"failureMessages":[],"fullName":"JSON Resume Conversion convertToJSONResume should convert skills to JSON Resume format","invocations":1,"location":null,"numPassingAsserts":4,"retryReasons":[],"startAt":1770880871553,"status":"passed","title":"should convert skills to JSON Resume format"},{"ancestorTitles":["JSON Resume Conversion","convertToJSONResume"],"duration":1,"failing":false,"failureDetails":[],"failureMessages":[],"fullName":"JSON Resume Conversion convertToJSONResume should convert languages","invocations":1,"location":null,"numPassingAsserts":4,"retryReasons":[],"startAt":1770880871554,"status":"passed","title":"should convert languages"},{"ancestorTitles":["JSON Resume Conversion","convertToJSONResume"],"duration":5,"failing":false,"failureDetails":[],"failureMessages":[],"fullName":"JSON Resume Conversion convertToJSONResume should handle URLs without http protocol","invocations":1,"location":null,"numPassingAsserts":4,"retryReasons":[],"startAt":1770880871556,"status":"passed","title":"should handle URLs without http protocol"},{"ancestorTitles":["JSON Resume Conversion","convertToJSONResume"],"duration":1,"failing":false,"failureDetails":[],"failureMessages":[],"fullName":"JSON Resume Conversion convertToJSONResume should handle empty URL fields","invocations":1,"location":null,"numPassingAsserts":3,"retryReasons":[],"startAt":1770880871562,"status":"passed","title":"should handle empty URL fields"},{"ancestorTitles":["JSON Resume Conversion","convertToJSONResume"],"duration":0,"failing":false,"failureDetails":[],"failureMessages":[],"fullName":"JSON Resume Conversion convertToJSONResume should handle location with only street address","invocations":1,"location":null,"numPassingAsserts":1,"retryReasons":[],"startAt":1770880871563,"status":"passed","title":"should handle location with only street address"},{"ancestorTitles":["JSON Resume Conversion","convertToJSONResume"],"duration":1,"failing":false,"failureDetails":[],"failureMessages":[],"fullName":"JSON Resume Conversion convertToJSONResume should handle empty work experience array","invocations":1,"location":null,"numPassingAsserts":1,"retryReasons":[],"startAt":1770880871563,"status":"passed","title":"should handle empty work experience array"},{"ancestorTitles":["JSON Resume Conversion","convertToJSONResume"],"duration":0,"failing":false,"failureDetails":[],"failureMessages":[],"fullName":"JSON Resume Conversion convertToJSONResume should handle empty education array","invocations":1,"location":null,"numPassingAsserts":1,"retryReasons":[],"startAt":1770880871564,"status":"passed","title":"should handle empty education array"},{"ancestorTitles":["JSON Resume Conversion","convertToJSONResume"],"duration":1,"failing":false,"failureDetails":[],"failureMessages":[],"fullName":"JSON Resume Conversion convertToJSONResume should handle empty skills array","invocations":1,"location":null,"numPassingAsserts":1,"retryReasons":[],"startAt":1770880871564,"status":"passed","title":"should handle empty skills array"},{"ancestorTitles":["JSON Resume Conversion","convertToJSONResume"],"duration":13,"failing":false,"failureDetails":[],"failureMessages":[],"fullName":"JSON Resume Conversion convertToJSONResume should handle empty languages array","invocations":1,"location":null,"numPassingAsserts":1,"retryReasons":[],"startAt":1770880871565,"status":"passed","title":"should handle empty languages array"},{"ancestorTitles":["JSON Resume Conversion","convertToJSONResume"],"duration":7,"failing":false,"failureDetails":[],"failureMessages":[],"fullName":"JSON Resume Conversion convertToJSONResume should handle empty certifications array","invocations":1,"location":null,"numPassingAsserts":1,"retryReasons":[],"startAt":1770880871578,"status":"passed","title":"should handle empty certifications array"},{"ancestorTitles":["JSON Resume Conversion","convertToJSONResume"],"duration":0,"failing":false,"failureDetails":[],"failureMessages":[],"fullName":"JSON Resume Conversion convertToJSONResume should handle work experience with empty keyAchievements","invocations":1,"location":null,"numPassingAsserts":1,"retryReasons":[],"startAt":1770880871585,"status":"passed","title":"should handle work experience with empty keyAchievements"},{"ancestorTitles":["JSON Resume Conversion","convertToJSONResume"],"duration":0,"failing":false,"failureDetails":[],"failureMessages":[],"fullName":"JSON Resume Conversion convertToJSONResume should handle work experience with single line keyAchievement","invocations":1,"location":null,"numPassingAsserts":1,"retryReasons":[],"startAt":1770880871585,"status":"passed","title":"should handle work experience with single line keyAchievement"},{"ancestorTitles":["JSON Resume Conversion","convertToJSONResume"],"duration":0,"failing":false,"failureDetails":[],"failureMessages":[],"fullName":"JSON Resume Conversion convertToJSONResume should handle certifications with empty URLs","invocations":1,"location":null,"numPassingAsserts":1,"retryReasons":[],"startAt":1770880871585,"status":"passed","title":"should handle certifications with empty URLs"},{"ancestorTitles":["JSON Resume Conversion","convertToJSONResume"],"duration":0,"failing":false,"failureDetails":[],"failureMessages":[],"fullName":"JSON Resume Conversion convertToJSONResume should handle missing profile picture","invocations":1,"location":null,"numPassingAsserts":1,"retryReasons":[],"startAt":1770880871585,"status":"passed","title":"should handle missing profile picture"},{"ancestorTitles":["JSON Resume Conversion","convertToJSONResume"],"duration":0,"failing":false,"failureDetails":[],"failureMessages":[],"fullName":"JSON Resume Conversion convertToJSONResume should handle missing calendar link","invocations":1,"location":null,"numPassingAsserts":1,"retryReasons":[],"startAt":1770880871586,"status":"passed","title":"should handle missing calendar link"},{"ancestorTitles":["JSON Resume Conversion","convertToJSONResume"],"duration":0,"failing":false,"failureDetails":[],"failureMessages":[],"fullName":"JSON Resume Conversion convertToJSONResume should handle projects with URLs","invocations":1,"location":null,"numPassingAsserts":3,"retryReasons":[],"startAt":1770880871586,"status":"passed","title":"should handle projects with URLs"},{"ancestorTitles":["JSON Resume Conversion","convertToJSONResume"],"duration":0,"failing":false,"failureDetails":[],"failureMessages":[],"fullName":"JSON Resume Conversion convertToJSONResume should handle projects without URLs","invocations":1,"location":null,"numPassingAsserts":2,"retryReasons":[],"startAt":1770880871586,"status":"passed","title":"should handle projects without URLs"},{"ancestorTitles":["JSON Resume Conversion","convertToJSONResume"],"duration":0,"failing":false,"failureDetails":[],"failureMessages":[],"fullName":"JSON Resume Conversion convertToJSONResume should extract GitHub username from profile link","invocations":1,"location":null,"numPassingAsserts":1,"retryReasons":[],"startAt":1770880871586,"status":"passed","title":"should extract GitHub username from profile link"},{"ancestorTitles":["JSON Resume Conversion","convertToJSONResume"],"duration":0,"failing":false,"failureDetails":[],"failureMessages":[],"fullName":"JSON Resume Conversion convertToJSONResume should extract LinkedIn username from profile link","invocations":1,"location":null,"numPassingAsserts":1,"retryReasons":[],"startAt":1770880871586,"status":"passed","title":"should extract LinkedIn username from profile link"},{"ancestorTitles":["JSON Resume Conversion","convertToJSONResume"],"duration":0,"failing":false,"failureDetails":[],"failureMessages":[],"fullName":"JSON Resume Conversion convertToJSONResume should handle non-GitHub/LinkedIn social media with empty username","invocations":1,"location":null,"numPassingAsserts":1,"retryReasons":[],"startAt":1770880871586,"status":"passed","title":"should handle non-GitHub/LinkedIn social media with empty username"},{"ancestorTitles":["JSON Resume Conversion","convertToJSONResume"],"duration":0,"failing":false,"failureDetails":[],"failureMessages":[],"fullName":"JSON Resume Conversion convertToJSONResume should handle work experience with Present end date","invocations":1,"location":null,"numPassingAsserts":1,"retryReasons":[],"startAt":1770880871586,"status":"passed","title":"should handle work experience with Present end date"},{"ancestorTitles":["JSON Resume Conversion","convertToJSONResume"],"duration":2,"failing":false,"failureDetails":[],"failureMessages":[],"fullName":"JSON Resume Conversion convertToJSONResume should handle work experience without technologies array","invocations":1,"location":null,"numPassingAsserts":1,"retryReasons":[],"startAt":1770880871586,"status":"passed","title":"should handle work experience without technologies array"},{"ancestorTitles":["JSON Resume Conversion","convertToJSONResume"],"duration":0,"failing":false,"failureDetails":[],"failureMessages":[],"fullName":"JSON Resume Conversion convertToJSONResume should handle address without postal code pattern","invocations":1,"location":null,"numPassingAsserts":2,"retryReasons":[],"startAt":1770880871588,"status":"passed","title":"should handle address without postal code pattern"},{"ancestorTitles":["JSON Resume Conversion","convertToJSONResume"],"duration":0,"failing":false,"failureDetails":[],"failureMessages":[],"fullName":"JSON Resume Conversion convertToJSONResume should handle address without region pattern","invocations":1,"location":null,"numPassingAsserts":1,"retryReasons":[],"startAt":1770880871588,"status":"passed","title":"should handle address without region pattern"},{"ancestorTitles":["JSON Resume Conversion","convertToJSONResume"],"duration":1,"failing":false,"failureDetails":[],"failureMessages":[],"fullName":"JSON Resume Conversion convertToJSONResume should handle missing certifications array","invocations":1,"location":null,"numPassingAsserts":1,"retryReasons":[],"startAt":1770880871588,"status":"passed","title":"should handle missing certifications array"},{"ancestorTitles":["JSON Resume Conversion","convertToJSONResume"],"duration":0,"failing":false,"failureDetails":[],"failureMessages":[],"fullName":"JSON Resume Conversion convertToJSONResume should handle certificate with empty URL","invocations":1,"location":null,"numPassingAsserts":1,"retryReasons":[],"startAt":1770880871589,"status":"passed","title":"should handle certificate with empty URL"},{"ancestorTitles":["JSON Resume Conversion","convertToJSONResume"],"duration":0,"failing":false,"failureDetails":[],"failureMessages":[],"fullName":"JSON Resume Conversion convertToJSONResume should handle missing projects array","invocations":1,"location":null,"numPassingAsserts":1,"retryReasons":[],"startAt":1770880871589,"status":"passed","title":"should handle missing projects array"},{"ancestorTitles":["JSON Resume Conversion","convertToJSONResume"],"duration":1,"failing":false,"failureDetails":[],"failureMessages":[],"fullName":"JSON Resume Conversion convertToJSONResume should handle work with normal end date","invocations":1,"location":null,"numPassingAsserts":1,"retryReasons":[],"startAt":1770880871589,"status":"passed","title":"should handle work with normal end date"},{"ancestorTitles":["JSON Resume Conversion","convertToJSONResume"],"duration":0,"failing":false,"failureDetails":[],"failureMessages":[],"fullName":"JSON Resume Conversion convertToJSONResume should handle address with all parts present","invocations":1,"location":null,"numPassingAsserts":4,"retryReasons":[],"startAt":1770880871590,"status":"passed","title":"should handle address with all parts present"},{"ancestorTitles":["JSON Resume Conversion","convertToJSONResume"],"duration":0,"failing":false,"failureDetails":[],"failureMessages":[],"fullName":"JSON Resume Conversion convertToJSONResume should handle certificate with valid URL","invocations":1,"location":null,"numPassingAsserts":1,"retryReasons":[],"startAt":1770880871590,"status":"passed","title":"should handle certificate with valid URL"},{"ancestorTitles":["JSON Resume Conversion","convertToJSONResume"],"duration":1,"failing":false,"failureDetails":[],"failureMessages":[],"fullName":"JSON Resume Conversion convertToJSONResume should handle empty address parts with defaults","invocations":1,"location":null,"numPassingAsserts":4,"retryReasons":[],"startAt":1770880871590,"status":"passed","title":"should handle empty address parts with defaults"},{"ancestorTitles":["JSON Resume Conversion","convertToJSONResume"],"duration":0,"failing":false,"failureDetails":[],"failureMessages":[],"fullName":"JSON Resume Conversion convertToJSONResume should handle education with both studyType and area","invocations":1,"location":null,"numPassingAsserts":2,"retryReasons":[],"startAt":1770880871591,"status":"passed","title":"should handle education with both studyType and area"},{"ancestorTitles":["JSON Resume Conversion","convertToJSONResume"],"duration":0,"failing":false,"failureDetails":[],"failureMessages":[],"fullName":"JSON Resume Conversion convertToJSONResume should use default resumeData when customData is undefined","invocations":1,"location":null,"numPassingAsserts":2,"retryReasons":[],"startAt":1770880871591,"status":"passed","title":"should use default resumeData when customData is undefined"},{"ancestorTitles":["JSON Resume Conversion","convertToJSONResume"],"duration":1,"failing":false,"failureDetails":[],"failureMessages":[],"fullName":"JSON Resume Conversion convertToJSONResume should handle profile without network name","invocations":1,"location":null,"numPassingAsserts":2,"retryReasons":[],"startAt":1770880871591,"status":"passed","title":"should handle profile without network name"},{"ancestorTitles":["JSON Resume Conversion","convertToJSONResume"],"duration":0,"failing":false,"failureDetails":[],"failureMessages":[],"fullName":"JSON Resume Conversion convertToJSONResume should handle projects array with multiple items","invocations":1,"location":null,"numPassingAsserts":3,"retryReasons":[],"startAt":1770880871592,"status":"passed","title":"should handle projects array with multiple items"},{"ancestorTitles":["JSON Resume Conversion","convertToJSONResume"],"duration":1,"failing":false,"failureDetails":[],"failureMessages":[],"fullName":"JSON Resume Conversion convertToJSONResume should handle work experience with all fields populated","invocations":1,"location":null,"numPassingAsserts":3,"retryReasons":[],"startAt":1770880871592,"status":"passed","title":"should handle work experience with all fields populated"},{"ancestorTitles":["JSON Resume Conversion","convertToJSONResume"],"duration":0,"failing":false,"failureDetails":[],"failureMessages":[],"fullName":"JSON Resume Conversion convertToJSONResume should handle address with only city and province","invocations":1,"location":null,"numPassingAsserts":3,"retryReasons":[],"startAt":1770880871593,"status":"passed","title":"should handle address with only city and province"},{"ancestorTitles":["JSON Resume Conversion","convertToJSONResume"],"duration":0,"failing":false,"failureDetails":[],"failureMessages":[],"fullName":"JSON Resume Conversion convertToJSONResume should handle multiple social media with different username extraction logic","invocations":1,"location":null,"numPassingAsserts":4,"retryReasons":[],"startAt":1770880871593,"status":"passed","title":"should handle multiple social media with different username extraction logic"},{"ancestorTitles":["JSON Resume Conversion","convertToJSONResume"],"duration":0,"failing":false,"failureDetails":[],"failureMessages":[],"fullName":"JSON Resume Conversion convertToJSONResume should handle education with URL present","invocations":1,"location":null,"numPassingAsserts":1,"retryReasons":[],"startAt":1770880871594,"status":"passed","title":"should handle education with URL present"},{"ancestorTitles":["JSON Resume Conversion","convertToJSONResume"],"duration":0,"failing":false,"failureDetails":[],"failureMessages":[],"fullName":"JSON Resume Conversion convertToJSONResume should handle work with URL present","invocations":1,"location":null,"numPassingAsserts":1,"retryReasons":[],"startAt":1770880871594,"status":"passed","title":"should handle work with URL present"},{"ancestorTitles":["JSON Resume Conversion","convertToJSONResume"],"duration":0,"failing":false,"failureDetails":[],"failureMessages":[],"fullName":"JSON Resume Conversion convertToJSONResume should handle address with postal code but no region in third part","invocations":1,"location":null,"numPassingAsserts":2,"retryReasons":[],"startAt":1770880871594,"status":"passed","title":"should handle address with postal code but no region in third part"},{"ancestorTitles":["JSON Resume Conversion","convertToJSONResume"],"duration":0,"failing":false,"failureDetails":[],"failureMessages":[],"fullName":"JSON Resume Conversion convertToJSONResume should handle address with region but no postal code in third part","invocations":1,"location":null,"numPassingAsserts":2,"retryReasons":[],"startAt":1770880871595,"status":"passed","title":"should handle address with region but no postal code in third part"},{"ancestorTitles":["JSON Resume Conversion","convertToJSONResume"],"duration":0,"failing":false,"failureDetails":[],"failureMessages":[],"fullName":"JSON Resume Conversion convertToJSONResume should handle address with neither postal code nor region","invocations":1,"location":null,"numPassingAsserts":2,"retryReasons":[],"startAt":1770880871595,"status":"passed","title":"should handle address with neither postal code nor region"},{"ancestorTitles":["JSON Resume Conversion","convertToJSONResume"],"duration":0,"failing":false,"failureDetails":[],"failureMessages":[],"fullName":"JSON Resume Conversion convertToJSONResume should handle LinkedIn profile with complex path","invocations":1,"location":null,"numPassingAsserts":1,"retryReasons":[],"startAt":1770880871595,"status":"passed","title":"should handle LinkedIn profile with complex path"},{"ancestorTitles":["JSON Resume Conversion","convertToJSONResume"],"duration":1,"failing":false,"failureDetails":[],"failureMessages":[],"fullName":"JSON Resume Conversion convertToJSONResume should handle GitHub profile with complex path","invocations":1,"location":null,"numPassingAsserts":1,"retryReasons":[],"startAt":1770880871595,"status":"passed","title":"should handle GitHub profile with complex path"},{"ancestorTitles":["JSON Resume Conversion","convertToJSONResume"],"duration":0,"failing":false,"failureDetails":[],"failureMessages":[],"fullName":"JSON Resume Conversion convertToJSONResume should handle empty profile picture","invocations":1,"location":null,"numPassingAsserts":1,"retryReasons":[],"startAt":1770880871596,"status":"passed","title":"should handle empty profile picture"},{"ancestorTitles":["JSON Resume Conversion","convertToJSONResume"],"duration":0,"failing":false,"failureDetails":[],"failureMessages":[],"fullName":"JSON Resume Conversion convertToJSONResume should handle profile picture with value","invocations":1,"location":null,"numPassingAsserts":1,"retryReasons":[],"startAt":1770880871596,"status":"passed","title":"should handle profile picture with value"},{"ancestorTitles":["JSON Resume Conversion","convertToJSONResume"],"duration":0,"failing":false,"failureDetails":[],"failureMessages":[],"fullName":"JSON Resume Conversion convertToJSONResume should handle certifications with non-empty URL","invocations":1,"location":null,"numPassingAsserts":1,"retryReasons":[],"startAt":1770880871596,"status":"passed","title":"should handle certifications with non-empty URL"},{"ancestorTitles":["JSON Resume Conversion","convertToJSONResume"],"duration":1,"failing":false,"failureDetails":[],"failureMessages":[],"fullName":"JSON Resume Conversion convertToJSONResume should handle work with technologies array with multiple items","invocations":1,"location":null,"numPassingAsserts":1,"retryReasons":[],"startAt":1770880871596,"status":"passed","title":"should handle work with technologies array with multiple items"},{"ancestorTitles":["JSON Resume Conversion","convertToJSONResume"],"duration":0,"failing":false,"failureDetails":[],"failureMessages":[],"fullName":"JSON Resume Conversion convertToJSONResume should handle non-Github and non-LinkedIn social media profiles","invocations":1,"location":null,"numPassingAsserts":2,"retryReasons":[],"startAt":1770880871597,"status":"passed","title":"should handle non-Github and non-LinkedIn social media profiles"},{"ancestorTitles":["JSON Resume Conversion","convertToJSONResume"],"duration":0,"failing":false,"failureDetails":[],"failureMessages":[],"fullName":"JSON Resume Conversion convertToJSONResume should handle address without region pattern","invocations":1,"location":null,"numPassingAsserts":2,"retryReasons":[],"startAt":1770880871597,"status":"passed","title":"should handle address without region pattern"},{"ancestorTitles":["JSON Resume Conversion","convertToJSONResume"],"duration":1,"failing":false,"failureDetails":[],"failureMessages":[],"fullName":"JSON Resume Conversion convertToJSONResume should handle address with short third part","invocations":1,"location":null,"numPassingAsserts":2,"retryReasons":[],"startAt":1770880871597,"status":"passed","title":"should handle address with short third part"},{"ancestorTitles":["JSON Resume Conversion","convertToJSONResume"],"duration":1,"failing":false,"failureDetails":[],"failureMessages":[],"fullName":"JSON Resume Conversion convertToJSONResume should handle work experience with non-Present end date","invocations":1,"location":null,"numPassingAsserts":1,"retryReasons":[],"startAt":1770880871598,"status":"passed","title":"should handle work experience with non-Present end date"},{"ancestorTitles":["JSON Resume Conversion","convertToJSONResume"],"duration":0,"failing":false,"failureDetails":[],"failureMessages":[],"fullName":"JSON Resume Conversion convertToJSONResume should handle certificates with empty URL","invocations":1,"location":null,"numPassingAsserts":1,"retryReasons":[],"startAt":1770880871599,"status":"passed","title":"should handle certificates with empty URL"},{"ancestorTitles":["JSON Resume Conversion","convertToJSONResume"],"duration":1,"failing":false,"failureDetails":[],"failureMessages":[],"fullName":"JSON Resume Conversion convertToJSONResume should handle certificates with whitespace-only URL","invocations":1,"location":null,"numPassingAsserts":1,"retryReasons":[],"startAt":1770880871599,"status":"passed","title":"should handle certificates with whitespace-only URL"},{"ancestorTitles":["JSON Resume Conversion","convertToJSONResume"],"duration":0,"failing":false,"failureDetails":[],"failureMessages":[],"fullName":"JSON Resume Conversion convertToJSONResume should handle projects with empty link","invocations":1,"location":null,"numPassingAsserts":1,"retryReasons":[],"startAt":1770880871600,"status":"passed","title":"should handle projects with empty link"},{"ancestorTitles":["JSON Resume Conversion","convertToJSONResume"],"duration":0,"failing":false,"failureDetails":[],"failureMessages":[],"fullName":"JSON Resume Conversion convertToJSONResume should handle work experience with empty url","invocations":1,"location":null,"numPassingAsserts":1,"retryReasons":[],"startAt":1770880871600,"status":"passed","title":"should handle work experience with empty url"},{"ancestorTitles":["JSON Resume Conversion","convertToJSONResume"],"duration":0,"failing":false,"failureDetails":[],"failureMessages":[],"fullName":"JSON Resume Conversion convertToJSONResume should handle education with empty url","invocations":1,"location":null,"numPassingAsserts":1,"retryReasons":[],"startAt":1770880871601,"status":"passed","title":"should handle education with empty url"},{"ancestorTitles":["JSON Resume Conversion","convertToJSONResume"],"duration":1,"failing":false,"failureDetails":[],"failureMessages":[],"fullName":"JSON Resume Conversion convertToJSONResume should handle address with only two parts","invocations":1,"location":null,"numPassingAsserts":4,"retryReasons":[],"startAt":1770880871601,"status":"passed","title":"should handle address with only two parts"},{"ancestorTitles":["JSON Resume Conversion","convertToJSONResume"],"duration":0,"failing":false,"failureDetails":[],"failureMessages":[],"fullName":"JSON Resume Conversion convertToJSONResume should handle address with valid Canadian postal code","invocations":1,"location":null,"numPassingAsserts":1,"retryReasons":[],"startAt":1770880871602,"status":"passed","title":"should handle address with valid Canadian postal code"},{"ancestorTitles":["JSON Resume Conversion","convertToJSONResume"],"duration":0,"failing":false,"failureDetails":[],"failureMessages":[],"fullName":"JSON Resume Conversion convertToJSONResume should handle GitHub social media link without domain prefix","invocations":1,"location":null,"numPassingAsserts":1,"retryReasons":[],"startAt":1770880871602,"status":"passed","title":"should handle GitHub social media link without domain prefix"},{"ancestorTitles":["JSON Resume Conversion","convertToJSONResume"],"duration":0,"failing":false,"failureDetails":[],"failureMessages":[],"fullName":"JSON Resume Conversion convertToJSONResume should handle LinkedIn social media link without domain prefix","invocations":1,"location":null,"numPassingAsserts":1,"retryReasons":[],"startAt":1770880871602,"status":"passed","title":"should handle LinkedIn social media link without domain prefix"},{"ancestorTitles":["JSON Resume Conversion","convertToJSONResume"],"duration":0,"failing":false,"failureDetails":[],"failureMessages":[],"fullName":"JSON Resume Conversion convertToJSONResume should handle certificates with valid URL containing protocol","invocations":1,"location":null,"numPassingAsserts":1,"retryReasons":[],"startAt":1770880871602,"status":"passed","title":"should handle certificates with valid URL containing protocol"},{"ancestorTitles":["JSON Resume Conversion","convertToJSONResume"],"duration":0,"failing":false,"failureDetails":[],"failureMessages":[],"fullName":"JSON Resume Conversion convertToJSONResume should handle projects with valid link","invocations":1,"location":null,"numPassingAsserts":1,"retryReasons":[],"startAt":1770880871603,"status":"passed","title":"should handle projects with valid link"},{"ancestorTitles":["JSON Resume Conversion","convertToJSONResume"],"duration":0,"failing":false,"failureDetails":[],"failureMessages":[],"fullName":"JSON Resume Conversion convertToJSONResume should handle GitHub link without github.com prefix","invocations":1,"location":null,"numPassingAsserts":1,"retryReasons":[],"startAt":1770880871603,"status":"passed","title":"should handle GitHub link without github.com prefix"},{"ancestorTitles":["JSON Resume Conversion","convertToJSONResume"],"duration":0,"failing":false,"failureDetails":[],"failureMessages":[],"fullName":"JSON Resume Conversion convertToJSONResume should handle LinkedIn link without linkedin.com/in prefix","invocations":1,"location":null,"numPassingAsserts":1,"retryReasons":[],"startAt":1770880871603,"status":"passed","title":"should handle LinkedIn link without linkedin.com/in prefix"},{"ancestorTitles":["JSON Resume Conversion","convertToJSONResume"],"duration":0,"failing":false,"failureDetails":[],"failureMessages":[],"fullName":"JSON Resume Conversion convertToJSONResume should handle work experience with undefined url field","invocations":1,"location":null,"numPassingAsserts":1,"retryReasons":[],"startAt":1770880871603,"status":"passed","title":"should handle work experience with undefined url field"},{"ancestorTitles":["JSON Resume Conversion","convertToJSONResume"],"duration":1,"failing":false,"failureDetails":[],"failureMessages":[],"fullName":"JSON Resume Conversion convertToJSONResume should handle education with undefined url field","invocations":1,"location":null,"numPassingAsserts":1,"retryReasons":[],"startAt":1770880871603,"status":"passed","title":"should handle education with undefined url field"},{"ancestorTitles":["JSON Resume Conversion","convertToJSONResume"],"duration":0,"failing":false,"failureDetails":[],"failureMessages":[],"fullName":"JSON Resume Conversion convertToJSONResume should handle projects with undefined link field","invocations":1,"location":null,"numPassingAsserts":1,"retryReasons":[],"startAt":1770880871604,"status":"passed","title":"should handle projects with undefined link field"},{"ancestorTitles":["JSON Resume Conversion","convertToJSONResume"],"duration":0,"failing":false,"failureDetails":[],"failureMessages":[],"fullName":"JSON Resume Conversion convertToJSONResume should handle address with region code but no postal code","invocations":1,"location":null,"numPassingAsserts":2,"retryReasons":[],"startAt":1770880871604,"status":"passed","title":"should handle address with region code but no postal code"},{"ancestorTitles":["JSON Resume Conversion","convertToJSONResume"],"duration":0,"failing":false,"failureDetails":[],"failureMessages":[],"fullName":"JSON Resume Conversion convertToJSONResume should handle address with only postal code in third part","invocations":1,"location":null,"numPassingAsserts":2,"retryReasons":[],"startAt":1770880871604,"status":"passed","title":"should handle address with only postal code in third part"},{"ancestorTitles":["JSON Resume Conversion","convertFromJSONResume"],"duration":2,"failing":false,"failureDetails":[],"failureMessages":[],"fullName":"JSON Resume Conversion convertFromJSONResume should convert JSON Resume to internal format","invocations":1,"location":null,"numPassingAsserts":7,"retryReasons":[],"startAt":1770880871604,"status":"passed","title":"should convert JSON Resume to internal format"},{"ancestorTitles":["JSON Resume Conversion","convertFromJSONResume"],"duration":0,"failing":false,"failureDetails":[],"failureMessages":[],"fullName":"JSON Resume Conversion convertFromJSONResume should reconstruct address from location fields","invocations":1,"location":null,"numPassingAsserts":1,"retryReasons":[],"startAt":1770880871606,"status":"passed","title":"should reconstruct address from location fields"},{"ancestorTitles":["JSON Resume Conversion","convertFromJSONResume"],"duration":0,"failing":false,"failureDetails":[],"failureMessages":[],"fullName":"JSON Resume Conversion convertFromJSONResume should convert profiles to social media format","invocations":1,"location":null,"numPassingAsserts":4,"retryReasons":[],"startAt":1770880871606,"status":"passed","title":"should convert profiles to social media format"},{"ancestorTitles":["JSON Resume Conversion","convertFromJSONResume"],"duration":2,"failing":false,"failureDetails":[],"failureMessages":[],"fullName":"JSON Resume Conversion convertFromJSONResume should convert work experience to internal format","invocations":1,"location":null,"numPassingAsserts":9,"retryReasons":[],"startAt":1770880871606,"status":"passed","title":"should convert work experience to internal format"},{"ancestorTitles":["JSON Resume Conversion","convertFromJSONResume"],"duration":0,"failing":false,"failureDetails":[],"failureMessages":[],"fullName":"JSON Resume Conversion convertFromJSONResume should convert education to internal format","invocations":1,"location":null,"numPassingAsserts":7,"retryReasons":[],"startAt":1770880871608,"status":"passed","title":"should convert education to internal format"},{"ancestorTitles":["JSON Resume Conversion","convertFromJSONResume"],"duration":0,"failing":false,"failureDetails":[],"failureMessages":[],"fullName":"JSON Resume Conversion convertFromJSONResume should convert skills to internal format","invocations":1,"location":null,"numPassingAsserts":4,"retryReasons":[],"startAt":1770880871608,"status":"passed","title":"should convert skills to internal format"},{"ancestorTitles":["JSON Resume Conversion","convertFromJSONResume"],"duration":1,"failing":false,"failureDetails":[],"failureMessages":[],"fullName":"JSON Resume Conversion convertFromJSONResume should convert languages to internal format","invocations":1,"location":null,"numPassingAsserts":3,"retryReasons":[],"startAt":1770880871608,"status":"passed","title":"should convert languages to internal format"},{"ancestorTitles":["JSON Resume Conversion","convertFromJSONResume"],"duration":0,"failing":false,"failureDetails":[],"failureMessages":[],"fullName":"JSON Resume Conversion convertFromJSONResume should convert certifications to internal format","invocations":1,"location":null,"numPassingAsserts":5,"retryReasons":[],"startAt":1770880871609,"status":"passed","title":"should convert certifications to internal format"},{"ancestorTitles":["JSON Resume Conversion","convertFromJSONResume"],"duration":0,"failing":false,"failureDetails":[],"failureMessages":[],"fullName":"JSON Resume Conversion convertFromJSONResume should handle missing optional fields gracefully","invocations":1,"location":null,"numPassingAsserts":9,"retryReasons":[],"startAt":1770880871609,"status":"passed","title":"should handle missing optional fields gracefully"},{"ancestorTitles":["JSON Resume Conversion","convertFromJSONResume"],"duration":1,"failing":false,"failureDetails":[],"failureMessages":[],"fullName":"JSON Resume Conversion convertFromJSONResume should strip http/https from URLs in social media","invocations":1,"location":null,"numPassingAsserts":3,"retryReasons":[],"startAt":1770880871609,"status":"passed","title":"should strip http/https from URLs in social media"},{"ancestorTitles":["JSON Resume Conversion","convertFromJSONResume"],"duration":76,"failing":false,"failureDetails":[],"failureMessages":[],"fullName":"JSON Resume Conversion convertFromJSONResume should return null for invalid JSON Resume","invocations":1,"location":null,"numPassingAsserts":1,"retryReasons":[],"startAt":1770880871610,"status":"passed","title":"should return null for invalid JSON Resume"},{"ancestorTitles":["JSON Resume Conversion","convertFromJSONResume"],"duration":1,"failing":false,"failureDetails":[],"failureMessages":[],"fullName":"JSON Resume Conversion convertFromJSONResume should handle JSON Resume with empty profiles array","invocations":1,"location":null,"numPassingAsserts":2,"retryReasons":[],"startAt":1770880871686,"status":"passed","title":"should handle JSON Resume with empty profiles array"},{"ancestorTitles":["JSON Resume Conversion","convertFromJSONResume"],"duration":0,"failing":false,"failureDetails":[],"failureMessages":[],"fullName":"JSON Resume Conversion convertFromJSONResume should handle JSON Resume with missing location fields","invocations":1,"location":null,"numPassingAsserts":1,"retryReasons":[],"startAt":1770880871687,"status":"passed","title":"should handle JSON Resume with missing location fields"},{"ancestorTitles":["JSON Resume Conversion","convertFromJSONResume"],"duration":0,"failing":false,"failureDetails":[],"failureMessages":[],"fullName":"JSON Resume Conversion convertFromJSONResume should handle JSON Resume with empty work array","invocations":1,"location":null,"numPassingAsserts":1,"retryReasons":[],"startAt":1770880871687,"status":"passed","title":"should handle JSON Resume with empty work array"},{"ancestorTitles":["JSON Resume Conversion","convertFromJSONResume"],"duration":1,"failing":false,"failureDetails":[],"failureMessages":[],"fullName":"JSON Resume Conversion convertFromJSONResume should handle JSON Resume with empty education array","invocations":1,"location":null,"numPassingAsserts":1,"retryReasons":[],"startAt":1770880871687,"status":"passed","title":"should handle JSON Resume with empty education array"},{"ancestorTitles":["JSON Resume Conversion","convertFromJSONResume"],"duration":0,"failing":false,"failureDetails":[],"failureMessages":[],"fullName":"JSON Resume Conversion convertFromJSONResume should handle JSON Resume with empty skills array","invocations":1,"location":null,"numPassingAsserts":2,"retryReasons":[],"startAt":1770880871688,"status":"passed","title":"should handle JSON Resume with empty skills array"},{"ancestorTitles":["JSON Resume Conversion","convertFromJSONResume"],"duration":0,"failing":false,"failureDetails":[],"failureMessages":[],"fullName":"JSON Resume Conversion convertFromJSONResume should handle JSON Resume with empty languages array","invocations":1,"location":null,"numPassingAsserts":1,"retryReasons":[],"startAt":1770880871688,"status":"passed","title":"should handle JSON Resume with empty languages array"},{"ancestorTitles":["JSON Resume Conversion","convertFromJSONResume"],"duration":0,"failing":false,"failureDetails":[],"failureMessages":[],"fullName":"JSON Resume Conversion convertFromJSONResume should handle JSON Resume with empty certificates array","invocations":1,"location":null,"numPassingAsserts":1,"retryReasons":[],"startAt":1770880871688,"status":"passed","title":"should handle JSON Resume with empty certificates array"},{"ancestorTitles":["JSON Resume Conversion","convertFromJSONResume"],"duration":0,"failing":false,"failureDetails":[],"failureMessages":[],"fullName":"JSON Resume Conversion convertFromJSONResume should handle work with empty highlights array","invocations":1,"location":null,"numPassingAsserts":1,"retryReasons":[],"startAt":1770880871688,"status":"passed","title":"should handle work with empty highlights array"},{"ancestorTitles":["JSON Resume Conversion","convertFromJSONResume"],"duration":0,"failing":false,"failureDetails":[],"failureMessages":[],"fullName":"JSON Resume Conversion convertFromJSONResume should handle work with single highlight","invocations":1,"location":null,"numPassingAsserts":1,"retryReasons":[],"startAt":1770880871689,"status":"passed","title":"should handle work with single highlight"},{"ancestorTitles":["JSON Resume Conversion","convertFromJSONResume"],"duration":0,"failing":false,"failureDetails":[],"failureMessages":[],"fullName":"JSON Resume Conversion convertFromJSONResume should handle work with empty keywords array","invocations":1,"location":null,"numPassingAsserts":1,"retryReasons":[],"startAt":1770880871689,"status":"passed","title":"should handle work with empty keywords array"},{"ancestorTitles":["JSON Resume Conversion","convertFromJSONResume"],"duration":0,"failing":false,"failureDetails":[],"failureMessages":[],"fullName":"JSON Resume Conversion convertFromJSONResume should handle skills with empty keywords array","invocations":1,"location":null,"numPassingAsserts":1,"retryReasons":[],"startAt":1770880871689,"status":"passed","title":"should handle skills with empty keywords array"},{"ancestorTitles":["JSON Resume Conversion","convertFromJSONResume"],"duration":1,"failing":false,"failureDetails":[],"failureMessages":[],"fullName":"JSON Resume Conversion convertFromJSONResume should handle certificates without URL field","invocations":1,"location":null,"numPassingAsserts":2,"retryReasons":[],"startAt":1770880871689,"status":"passed","title":"should handle certificates without URL field"},{"ancestorTitles":["JSON Resume Conversion","convertFromJSONResume"],"duration":0,"failing":false,"failureDetails":[],"failureMessages":[],"fullName":"JSON Resume Conversion convertFromJSONResume should handle work with missing URL field","invocations":1,"location":null,"numPassingAsserts":2,"retryReasons":[],"startAt":1770880871690,"status":"passed","title":"should handle work with missing URL field"},{"ancestorTitles":["JSON Resume Conversion","convertFromJSONResume"],"duration":0,"failing":false,"failureDetails":[],"failureMessages":[],"fullName":"JSON Resume Conversion convertFromJSONResume should handle education with missing URL field","invocations":1,"location":null,"numPassingAsserts":2,"retryReasons":[],"startAt":1770880871690,"status":"passed","title":"should handle education with missing URL field"},{"ancestorTitles":["JSON Resume Conversion","convertFromJSONResume"],"duration":1,"failing":false,"failureDetails":[],"failureMessages":[],"fullName":"JSON Resume Conversion convertFromJSONResume should convert projects from JSON Resume with URLs","invocations":1,"location":null,"numPassingAsserts":3,"retryReasons":[],"startAt":1770880871690,"status":"passed","title":"should convert projects from JSON Resume with URLs"},{"ancestorTitles":["JSON Resume Conversion","convertFromJSONResume"],"duration":0,"failing":false,"failureDetails":[],"failureMessages":[],"fullName":"JSON Resume Conversion convertFromJSONResume should handle JSON Resume with website URL in basics","invocations":1,"location":null,"numPassingAsserts":2,"retryReasons":[],"startAt":1770880871691,"status":"passed","title":"should handle JSON Resume with website URL in basics"},{"ancestorTitles":["JSON Resume Conversion","convertFromJSONResume"],"duration":0,"failing":false,"failureDetails":[],"failureMessages":[],"fullName":"JSON Resume Conversion convertFromJSONResume should handle work with Present end date (empty string)","invocations":1,"location":null,"numPassingAsserts":1,"retryReasons":[],"startAt":1770880871691,"status":"passed","title":"should handle work with Present end date (empty string)"},{"ancestorTitles":["JSON Resume Conversion","convertFromJSONResume"],"duration":1,"failing":false,"failureDetails":[],"failureMessages":[],"fullName":"JSON Resume Conversion convertFromJSONResume should handle language objects with fluency","invocations":1,"location":null,"numPassingAsserts":2,"retryReasons":[],"startAt":1770880871691,"status":"passed","title":"should handle language objects with fluency"},{"ancestorTitles":["JSON Resume Conversion","convertFromJSONResume"],"duration":0,"failing":false,"failureDetails":[],"failureMessages":[],"fullName":"JSON Resume Conversion convertFromJSONResume should handle projects with URL stripping","invocations":1,"location":null,"numPassingAsserts":1,"retryReasons":[],"startAt":1770880871692,"status":"passed","title":"should handle projects with URL stripping"},{"ancestorTitles":["JSON Resume Conversion","convertFromJSONResume"],"duration":0,"failing":false,"failureDetails":[],"failureMessages":[],"fullName":"JSON Resume Conversion convertFromJSONResume should handle address with only street address","invocations":1,"location":null,"numPassingAsserts":1,"retryReasons":[],"startAt":1770880871692,"status":"passed","title":"should handle address with only street address"},{"ancestorTitles":["JSON Resume Conversion","convertFromJSONResume"],"duration":0,"failing":false,"failureDetails":[],"failureMessages":[],"fullName":"JSON Resume Conversion convertFromJSONResume should handle JSON Resume without location object","invocations":1,"location":null,"numPassingAsserts":1,"retryReasons":[],"startAt":1770880871692,"status":"passed","title":"should handle JSON Resume without location object"},{"ancestorTitles":["JSON Resume Conversion","convertFromJSONResume"],"duration":1,"failing":false,"failureDetails":[],"failureMessages":[],"fullName":"JSON Resume Conversion convertFromJSONResume should handle work without keywords field","invocations":1,"location":null,"numPassingAsserts":1,"retryReasons":[],"startAt":1770880871692,"status":"passed","title":"should handle work without keywords field"},{"ancestorTitles":["JSON Resume Conversion","convertFromJSONResume"],"duration":0,"failing":false,"failureDetails":[],"failureMessages":[],"fullName":"JSON Resume Conversion convertFromJSONResume should handle skill group without keywords","invocations":1,"location":null,"numPassingAsserts":1,"retryReasons":[],"startAt":1770880871693,"status":"passed","title":"should handle skill group without keywords"},{"ancestorTitles":["JSON Resume Conversion","convertFromJSONResume"],"duration":0,"failing":false,"failureDetails":[],"failureMessages":[],"fullName":"JSON Resume Conversion convertFromJSONResume should handle empty basics object","invocations":1,"location":null,"numPassingAsserts":2,"retryReasons":[],"startAt":1770880871693,"status":"passed","title":"should handle empty basics object"},{"ancestorTitles":["JSON Resume Conversion","convertFromJSONResume"],"duration":1,"failing":false,"failureDetails":[],"failureMessages":[],"fullName":"JSON Resume Conversion convertFromJSONResume should handle profile without URL","invocations":1,"location":null,"numPassingAsserts":1,"retryReasons":[],"startAt":1770880871693,"status":"passed","title":"should handle profile without URL"},{"ancestorTitles":["JSON Resume Conversion","convertFromJSONResume"],"duration":0,"failing":false,"failureDetails":[],"failureMessages":[],"fullName":"JSON Resume Conversion convertFromJSONResume should handle project without link","invocations":1,"location":null,"numPassingAsserts":1,"retryReasons":[],"startAt":1770880871694,"status":"passed","title":"should handle project without link"},{"ancestorTitles":["JSON Resume Conversion","convertFromJSONResume"],"duration":0,"failing":false,"failureDetails":[],"failureMessages":[],"fullName":"JSON Resume Conversion convertFromJSONResume should handle education without URL","invocations":1,"location":null,"numPassingAsserts":1,"retryReasons":[],"startAt":1770880871694,"status":"passed","title":"should handle education without URL"},{"ancestorTitles":["JSON Resume Conversion","convertFromJSONResume"],"duration":0,"failing":false,"failureDetails":[],"failureMessages":[],"fullName":"JSON Resume Conversion convertFromJSONResume should handle work without URL","invocations":1,"location":null,"numPassingAsserts":1,"retryReasons":[],"startAt":1770880871694,"status":"passed","title":"should handle work without URL"},{"ancestorTitles":["JSON Resume Conversion","convertFromJSONResume"],"duration":0,"failing":false,"failureDetails":[],"failureMessages":[],"fullName":"JSON Resume Conversion convertFromJSONResume should handle work with empty endDate falling back to Present","invocations":1,"location":null,"numPassingAsserts":1,"retryReasons":[],"startAt":1770880871694,"status":"passed","title":"should handle work with empty endDate falling back to Present"},{"ancestorTitles":["JSON Resume Conversion","convertFromJSONResume"],"duration":0,"failing":false,"failureDetails":[],"failureMessages":[],"fullName":"JSON Resume Conversion convertFromJSONResume should handle work with undefined endDate falling back to Present","invocations":1,"location":null,"numPassingAsserts":1,"retryReasons":[],"startAt":1770880871695,"status":"passed","title":"should handle work with undefined endDate falling back to Present"},{"ancestorTitles":["JSON Resume Conversion","convertFromJSONResume"],"duration":0,"failing":false,"failureDetails":[],"failureMessages":[],"fullName":"JSON Resume Conversion convertFromJSONResume should handle certificate with URL","invocations":1,"location":null,"numPassingAsserts":1,"retryReasons":[],"startAt":1770880871695,"status":"passed","title":"should handle certificate with URL"},{"ancestorTitles":["JSON Resume Conversion","convertFromJSONResume"],"duration":0,"failing":false,"failureDetails":[],"failureMessages":[],"fullName":"JSON Resume Conversion convertFromJSONResume should handle profile with network and url","invocations":1,"location":null,"numPassingAsserts":1,"retryReasons":[],"startAt":1770880871695,"status":"passed","title":"should handle profile with network and url"},{"ancestorTitles":["JSON Resume Conversion","convertFromJSONResume"],"duration":0,"failing":false,"failureDetails":[],"failureMessages":[],"fullName":"JSON Resume Conversion convertFromJSONResume should handle location with all fields present","invocations":1,"location":null,"numPassingAsserts":2,"retryReasons":[],"startAt":1770880871695,"status":"passed","title":"should handle location with all fields present"},{"ancestorTitles":["JSON Resume Conversion","convertFromJSONResume"],"duration":0,"failing":false,"failureDetails":[],"failureMessages":[],"fullName":"JSON Resume Conversion convertFromJSONResume should handle education with all fields","invocations":1,"location":null,"numPassingAsserts":2,"retryReasons":[],"startAt":1770880871696,"status":"passed","title":"should handle education with all fields"},{"ancestorTitles":["JSON Resume Conversion","convertFromJSONResume"],"duration":0,"failing":false,"failureDetails":[],"failureMessages":[],"fullName":"JSON Resume Conversion convertFromJSONResume should handle skills with keywords array","invocations":1,"location":null,"numPassingAsserts":1,"retryReasons":[],"startAt":1770880871696,"status":"passed","title":"should handle skills with keywords array"},{"ancestorTitles":["JSON Resume Conversion","convertFromJSONResume"],"duration":1,"failing":false,"failureDetails":[{}],"failureMessages":["TypeError: \u001b[2mexpect(\u001b[22m\u001b[31mreceived\u001b[39m\u001b[2m).\u001b[22mtoHaveLength\u001b[2m(\u001b[22m\u001b[32mexpected\u001b[39m\u001b[2m)\u001b[22m\n\n\u001b[1mMatcher error\u001b[22m: \u001b[31mreceived\u001b[39m value must have a length property whose value must be a number\n\nReceived has value: \u001b[31mundefined\u001b[39m\n    at Object.toHaveLength (/Users/aloshy/aloshy-ai/jsonresume-to-everything/src/lib/__tests__/jsonResume.test.ts:2101:51)\n    at Promise.finally.completed (/Users/aloshy/aloshy-ai/jsonresume-to-everything/node_modules/jest-circus/build/jestAdapterInit.js:1557:28)\n    at new Promise (<anonymous>)\n    at callAsyncCircusFn (/Users/aloshy/aloshy-ai/jsonresume-to-everything/node_modules/jest-circus/build/jestAdapterInit.js:1497:10)\n    at _callCircusTest (/Users/aloshy/aloshy-ai/jsonresume-to-everything/node_modules/jest-circus/build/jestAdapterInit.js:1007:40)\n    at processTicksAndRejections (node:internal/process/task_queues:104:5)\n    at _runTest (/Users/aloshy/aloshy-ai/jsonresume-to-everything/node_modules/jest-circus/build/jestAdapterInit.js:947:3)\n    at /Users/aloshy/aloshy-ai/jsonresume-to-everything/node_modules/jest-circus/build/jestAdapterInit.js:849:7\n    at _runTestsForDescribeBlock (/Users/aloshy/aloshy-ai/jsonresume-to-everything/node_modules/jest-circus/build/jestAdapterInit.js:862:11)\n    at _runTestsForDescribeBlock (/Users/aloshy/aloshy-ai/jsonresume-to-everything/node_modules/jest-circus/build/jestAdapterInit.js:857:11)\n    at _runTestsForDescribeBlock (/Users/aloshy/aloshy-ai/jsonresume-to-everything/node_modules/jest-circus/build/jestAdapterInit.js:857:11)\n    at run (/Users/aloshy/aloshy-ai/jsonresume-to-everything/node_modules/jest-circus/build/jestAdapterInit.js:761:3)\n    at runAndTransformResultsToJestFormat (/Users/aloshy/aloshy-ai/jsonresume-to-everything/node_modules/jest-circus/build/jestAdapterInit.js:1918:21)\n    at jestAdapter (/Users/aloshy/aloshy-ai/jsonresume-to-everything/node_modules/jest-circus/build/runner.js:101:19)\n    at runTestInternal (/Users/aloshy/aloshy-ai/jsonresume-to-everything/node_modules/jest-runner/build/testWorker.js:275:16)\n    at runTest (/Users/aloshy/aloshy-ai/jsonresume-to-everything/node_modules/jest-runner/build/testWorker.js:343:7)\n    at Object.worker (/Users/aloshy/aloshy-ai/jsonresume-to-everything/node_modules/jest-runner/build/testWorker.js:497:12)"],"fullName":"JSON Resume Conversion convertFromJSONResume should handle project with all fields","invocations":1,"location":null,"numPassingAsserts":0,"retryReasons":[],"startAt":1770880871696,"status":"failed","title":"should handle project with all fields"},{"ancestorTitles":["JSON Resume Conversion","convertFromJSONResume"],"duration":1,"failing":false,"failureDetails":[],"failureMessages":[],"fullName":"JSON Resume Conversion convertFromJSONResume should return null when validation fails","invocations":1,"location":null,"numPassingAsserts":1,"retryReasons":[],"startAt":1770880871722,"status":"passed","title":"should return null when validation fails"},{"ancestorTitles":["JSON Resume Conversion","convertFromJSONResume"],"duration":1,"failing":false,"failureDetails":[],"failureMessages":[],"fullName":"JSON Resume Conversion convertFromJSONResume should handle error in conversion gracefully","invocations":1,"location":null,"numPassingAsserts":1,"retryReasons":[],"startAt":1770880871723,"status":"passed","title":"should handle error in conversion gracefully"}],"endTime":1770880871757,"message":"\u001b[1m\u001b[31m  \u001b[1m● \u001b[22m\u001b[1mJSON Resume Conversion › convertFromJSONResume › should handle project with all fields\u001b[39m\u001b[22m\n\n    TypeError: \u001b[2mexpect(\u001b[22m\u001b[31mreceived\u001b[39m\u001b[2m).\u001b[22mtoHaveLength\u001b[2m(\u001b[22m\u001b[32mexpected\u001b[39m\u001b[2m)\u001b[22m\n\n    \u001b[1mMatcher error\u001b[22m: \u001b[31mreceived\u001b[39m value must have a length property whose value must be a number\n\n    Received has value: \u001b[31mundefined\u001b[39m\n\u001b[2m\u001b[22m\n\u001b[2m    \u001b[0m \u001b[90m 2099 |\u001b[39m\u001b[22m\n\u001b[2m     \u001b[90m 2100 |\u001b[39m       \u001b[36mconst\u001b[39m result \u001b[33m=\u001b[39m convertFromJSONResume(jsonResume) \u001b[36mas\u001b[39m any\u001b[22m\n\u001b[2m    \u001b[31m\u001b[1m>\u001b[22m\u001b[2m\u001b[39m\u001b[90m 2101 |\u001b[39m       expect(result\u001b[33m?\u001b[39m\u001b[33m.\u001b[39mprojects[\u001b[35m0\u001b[39m]\u001b[33m.\u001b[39mkeyAchievements)\u001b[33m.\u001b[39mtoHaveLength(\u001b[35m2\u001b[39m)\u001b[22m\n\u001b[2m     \u001b[90m      |\u001b[39m                                                   \u001b[31m\u001b[1m^\u001b[22m\u001b[2m\u001b[39m\u001b[22m\n\u001b[2m     \u001b[90m 2102 |\u001b[39m     })\u001b[22m\n\u001b[2m     \u001b[90m 2103 |\u001b[39m\u001b[22m\n\u001b[2m     \u001b[90m 2104 |\u001b[39m     it(\u001b[32m'should return null when validation fails'\u001b[39m\u001b[33m,\u001b[39m () \u001b[33m=>\u001b[39m {\u001b[0m\u001b[22m\n\u001b[2m\u001b[22m\n\u001b[2m      \u001b[2mat Object.toHaveLength (\u001b[22m\u001b[2m\u001b[0m\u001b[36msrc/lib/__tests__/jsonResume.test.ts\u001b[39m\u001b[0m\u001b[2m:2101:51)\u001b[22m\u001b[2m\u001b[22m\n","name":"/Users/aloshy/aloshy-ai/jsonresume-to-everything/src/lib/__tests__/jsonResume.test.ts","startTime":1770880870567,"status":"failed","summary":""},{"assertionResults":[{"ancestorTitles":["Projects Form Component"],"duration":91,"failing":false,"failureDetails":[],"failureMessages":[],"fullName":"Projects Form Component renders projects section header","invocations":1,"location":null,"numPassingAsserts":1,"retryReasons":[],"startAt":1770880871572,"status":"passed","title":"renders projects section header"},{"ancestorTitles":["Projects Form Component"],"duration":33,"failing":false,"failureDetails":[],"failureMessages":[],"fullName":"Projects Form Component renders existing projects","invocations":1,"location":null,"numPassingAsserts":3,"retryReasons":[],"startAt":1770880871663,"status":"passed","title":"renders existing projects"},{"ancestorTitles":["Projects Form Component"],"duration":45,"failing":false,"failureDetails":[{"name":"TestingLibraryElementError"}],"failureMessages":["TestingLibraryElementError: Unable to find an element with the placeholder text of: /add key achievement/i\n\nIgnored nodes: comments, script, style\n\u001b[36m<body>\u001b[39m\n  \u001b[36m<div>\u001b[39m\n    \u001b[36m<div\u001b[39m\n      \u001b[33mclass\u001b[39m=\u001b[32m\"flex flex-col gap-4\"\u001b[39m\n    \u001b[36m>\u001b[39m\n      \u001b[36m<div\u001b[39m\n        \u001b[33mclass\u001b[39m=\u001b[32m\"flex flex-col justify-between gap-3 sm:flex-row sm:items-center \"\u001b[39m\n      \u001b[36m>\u001b[39m\n        \u001b[36m<div\u001b[39m\n          \u001b[33mclass\u001b[39m=\u001b[32m\"flex items-center gap-2\"\u001b[39m\n        \u001b[36m>\u001b[39m\n          \u001b[36m<div\u001b[39m\n            \u001b[33mclass\u001b[39m=\u001b[32m\"h-6 w-1 rounded-full bg-gradient-to-b from-teal-500 to-cyan-500\"\u001b[39m\n          \u001b[36m/>\u001b[39m\n          \u001b[36m<h2\u001b[39m\n            \u001b[33mclass\u001b[39m=\u001b[32m\"text-lg font-semibold text-white\"\u001b[39m\n          \u001b[36m>\u001b[39m\n            \u001b[0mProjects\u001b[0m\n          \u001b[36m</h2>\u001b[39m\n        \u001b[36m</div>\u001b[39m\n      \u001b[36m</div>\u001b[39m\n      \u001b[36m<div\u001b[39m\n        \u001b[33mdata-testid\u001b[39m=\u001b[32m\"drag-drop-context\"\u001b[39m\n      \u001b[36m>\u001b[39m\n        \u001b[36m<div\u001b[39m\n          \u001b[33mdata-testid\u001b[39m=\u001b[32m\"droppable\"\u001b[39m\n        \u001b[36m>\u001b[39m\n          \u001b[36m<div\u001b[39m\n            \u001b[33mclass\u001b[39m=\u001b[32m\"flex flex-col gap-3\"\u001b[39m\n            \u001b[33mdata-droppable-id\u001b[39m=\u001b[32m\"projects\"\u001b[39m\n          \u001b[36m>\u001b[39m\n            \u001b[36m<div\u001b[39m\n              \u001b[33mdata-testid\u001b[39m=\u001b[32m\"draggable\"\u001b[39m\n            \u001b[36m>\u001b[39m\n              \u001b[36m<div\u001b[39m\n                \u001b[33mclass\u001b[39m=\u001b[32m\"group flex cursor-grab flex-col gap-3 rounded-lg border border-white/10 bg-white/5 p-4 hover:border-white/20 hover:bg-white/10 active:cursor-grabbing \"\u001b[39m\n                \u001b[33mdata-draggable-id\u001b[39m=\u001b[32m\"PROJECT-0\"\u001b[39m\n              \u001b[36m>\u001b[39m\n                \u001b[36m<div\u001b[39m\n                  \u001b[33mclass\u001b[39m=\u001b[32m\"space-y-1 \"\u001b[39m\n                \u001b[36m>\u001b[39m\n                  \u001b[36m<div\u001b[39m\n                    \u001b[33mclass\u001b[39m=\u001b[32m\"floating-label-group\"\u001b[39m\n                  \u001b[36m>\u001b[39m\n                    \u001b[36m<input\u001b[39m\n                      \u001b[33maria-label\u001b[39m=\u001b[32m\"Project Name\"\u001b[39m\n                      \u001b[33mclass\u001b[39m=\u001b[32m\"w-full rounded-lg border border-white/20 bg-white/10 px-4 py-3 text-sm text-white transition-all outline-none placeholder:text-white/40 focus:ring-2  focus:border-teal-400 focus:ring-teal-400/20 \"\u001b[39m\n                      \u001b[33mid\u001b[39m=\u001b[32m\"input-name\"\u001b[39m\n                      \u001b[33mname\u001b[39m=\u001b[32m\"name\"\u001b[39m\n                      \u001b[33mplaceholder\u001b[39m=\u001b[32m\"Project Name\"\u001b[39m\n                      \u001b[33mtype\u001b[39m=\u001b[32m\"text\"\u001b[39m\n                      \u001b[33mvalue\u001b[39m=\u001b[32m\"Test Project\"\u001b[39m\n                    \u001b[36m/>\u001b[39m\n                    \u001b[36m<label\u001b[39m\n                      \u001b[33mclass\u001b[39m=\u001b[32m\"floating-label\"\u001b[39m\n                      \u001b[33mfor\u001b[39m=\u001b[32m\"input-name\"\u001b[39m\n                    \u001b[36m>\u001b[39m\n                      \u001b[0mProject Name\u001b[0m\n                    \u001b[36m</label>\u001b[39m\n                  \u001b[36m</div>\u001b[39m\n                \u001b[36m</div>\u001b[39m\n                \u001b[36m<div\u001b[39m\n                  \u001b[33mclass\u001b[39m=\u001b[32m\"space-y-1 \"\u001b[39m\n                \u001b[36m>\u001b[39m\n                  \u001b[36m<div\u001b[39m\n                    \u001b[33mclass\u001b[39m=\u001b[32m\"floating-label-group\"\u001b[39m\n                  \u001b[36m>\u001b[39m\n                    \u001b[36m<input\u001b[39m\n                      \u001b[33maria-label\u001b[39m=\u001b[32m\"Link\"\u001b[39m\n                      \u001b[33mclass\u001b[39m=\u001b[32m\"w-full rounded-lg border border-white/20 bg-white/10 px-4 py-3 text-sm text-white transition-all outline-none placeholder:text-white/40 focus:ring-2  focus:border-teal-400 focus:ring-teal-400/20 \"\u001b[39m\n                      \u001b[33mid\u001b[39m=\u001b[32m\"input-link\"\u001b[39m\n                      \u001b[33mname\u001b[39m=\u001b[32m\"link\"\u001b[39m\n                      \u001b[33mplaceholder\u001b[39m=\u001b[32m\"Link\"\u001b[39m\n                      \u001b[33mtype\u001b[39m=\u001b[32m\"url\"\u001b[39m\n                      \u001b[33mvalue\u001b[39m=\u001b[32m\"https://project.com\"\u001b[39m\n                    \u001b[36m/>\u001b[39m\n                    \u001b[36m<label\u001b[39m\n                      \u001b[33mclass\u001b[39m=\u001b[32m\"floating-label\"\u001b[39m\n                      \u001b[33mfor\u001b[39m=\u001b[32m\"input-link\"\u001b[39m\n                    \u001b[36m>\u001b[39m\n                      \u001b[0mLink\u001b[0m\n                    \u001b[36m</label>\u001b[39m\n                  \u001b[36m</div>\u001b[39m\n                \u001b[36m</div>\u001b[39m\n                \u001b[36m<div\u001b[39m\n                  \u001b[33mclass\u001b[39m=\u001b[32m\"space-y-1 \"\u001b[39m\n                \u001b[36m>\u001b[39m\n                  \u001b[36m<div\u001b[39m\n                    \u001b[33mclass\u001b[39m=\u001b[32m\"floating-label-group\"\u001b[39m\n                  \u001b[36m>\u001b[39m\n                    \u001b[36m<textarea\u001b[39m\n                      \u001b[33maria-label\u001b[39m=\u001b[32m\"Description\"\u001b[39m\n                      \u001b[33mclass\u001b[39m=\u001b[32m\"w-full resize-y rounded-lg border border-white/20 bg-white/10 px-3 py-2 pb-8 text-sm leading-relaxed text-white transition-all outline-none placeholder:text-white/30 focus:border-teal-400 focus:ring-teal-400/20\"\u001b[39m\n                      \u001b[33mid\u001b[39m=\u001b[32m\"textarea-description\"\u001b[39m\n                      \u001b[33mmaxlength\u001b[39m=\u001b[32m\"250\"\u001b[39m\n                      \u001b[33mname\u001b[39m=\u001b[32m\"description\"\u001b[39m\n                      \u001b[33mplaceholder\u001b[39m=\u001b[32m\"Description\"\u001b[39m\n                      \u001b[33mstyle\u001b[39m=\u001b[32m\"min-height: 120px;\"\u001b[39m\n                    \u001b[36m>\u001b[39m\n                      \u001b[0mTest description\u001b[0m\n                    \u001b[36m</textarea>\u001b[39m\n                    \u001b[36m<label\u001b[39m\n                      \u001b[33mclass\u001b[39m=\u001b[32m\"floating-label\"\u001b[39m\n                      \u001b[33mfor\u001b[39m=\u001b[32m\"textarea-description\"\u001b[39m\n                    \u001b[36m>\u001b[39m\n                      \u001b[0mDescription\u001b[0m\n                    \u001b[36m</label>\u001b[39m\n                    \u001b[36m<div\u001b[39m\n                      \u001b[33mclass\u001b[39m=\u001b[32m\"pointer-events-none absolute right-3 bottom-[18px] rounded bg-white/5 px-2 py-1 text-xs text-white/50 \"\u001b[39m\n                    \u001b[36m>\u001b[39m\n                      \u001b[0m16/250\u001b[0m\n                    \u001b[36m</div>\u001b[39m\n                  \u001b[36m</div>\u001b[39m\n                \u001b[36m</div>\u001b[39m\n                \u001b[36m<div>\u001b[39m\n                  \u001b[36m<label\u001b[39m\n                    \u001b[33mclass\u001b[39m=\u001b[32m\"mb-2 block text-sm font-medium text-white\"\u001b[39m\n                  \u001b[36m>\u001b[39m\n                    \u001b[0mHighlights\u001b[0m\n                  \u001b[36m</label>\u001b[39m\n                  \u001b[36m<div\u001b[39m\n                    \u001b[33mclass\u001b[39m=\u001b[32m\"space-y-2\"\u001b[39m\n                  \u001b[36m>\u001b[39m\n                    \u001b[36m<input\u001b[39m\n                      \u001b[33mclass\u001b[39m=\u001b[32m\"w-full rounded-lg border border-dashed border-teal-400/30 bg-transparent px-3 py-2 text-sm text-white outline-none placeholder:text-white/40 focus:border-teal-400\"\u001b[39m\n                      \u001b[33mplaceholder\u001b[39m=\u001b[32m\"Add highlight... (Press Enter to save)\"\u001b[39m\n                      \u001b[33mtype\u001b[39m=\u001b[32m\"text\"\u001b[39m\n                      \u001b[33mvalue\u001b[39m=\u001b[32m\"\"\u001b[39m\n                    \u001b[36m/>\u001b[39m\n                  \u001b[36m</div>\u001b[39m\n                \u001b[36m</div>\u001b[39m\n                \u001b[36m<div>\u001b[39m\n                  \u001b[36m<label\u001b[39m\n                    \u001b[33mclass\u001b[39m=\u001b[32m\"mb-2 block text-sm font-medium text-white\"\u001b[39m\n                  \u001b[36m>\u001b[39m\n                    \u001b[0mKeywords\u001b[0m\n                  \u001b[36m</label>\u001b[39m\n                  \u001b[36m<div\u001b[39m\n                    \u001b[33mclass\u001b[39m=\u001b[32m\"flex flex-wrap gap-2\"\u001b[39m\n                  \u001b[36m>\u001b[39m\n                    \u001b[36m<div>\u001b[39m\n                      \u001b[36m<div\u001b[39m\n                        \u001b[33mclass\u001b[39m=\u001b[32m\"flex flex-wrap gap-2\"\u001b[39m\n                      \u001b[36m/>\u001b[39m\n                    \u001b[36m</div>\u001b[39m\n                    \u001b[36m<input\u001b[39m\n                      \u001b[33mclass\u001b[39m=\u001b[32m\"rounded-full border border-dashed bg-transparent px-3 py-1 text-sm text-white outline-none placeholder:text-white/40 border-teal-400/30 focus:border-teal-400 hover:border-teal-400/50\"\u001b[39m\n                      \u001b[33mplaceholder\u001b[39m=\u001b[32m\"Add keywords...\"\u001b[39m\n                      \u001b[33mtype\u001b[39m=\u001b[32m\"text\"\u001b[39m\n                      \u001b[33mvalue\u001b[39m=\u001b[32m\"\"\u001b[39m\n                    \u001b[36m/>\u001b[39m\n                  \u001b[36m</div>\u001b[39m\n                \u001b[36m</div>\u001b[39m\n                \u001b[36m<div\u001b[39m\n                  \u001b[33mclass\u001b[39m=\u001b[32m\"flex flex-col items-stretch gap-3 sm:flex-row sm:items-center\"\u001b[39m\n                \u001b[36m>\u001b[39m\n                  \u001b[36m<div\u001b[39m\n                    \u001b[33mclass\u001b[39m=\u001b[32m\"space-y-1 flex-1\"\u001b[39m\n                  \u001b[36m>\u001b[39m\n                    \u001b[36m<div\u001b[39m\n                      \u001b[33mclass\u001b[39m=\u001b[32m\"floating-label-group\"\u001b[39m\n                    \u001b[36m>\u001b[39m\n                      \u001b[36m<input\u001b[39m\n                        \u001b[33maria-label\u001b[39m=\u001b[32m\"Start Year\"\u001b[39m\n                        \u001b[33mclass\u001b[39m=\u001b[32m\"w-full rounded-lg border border-white/20 bg-white/10 px-4 py-3 text-sm text-white transition-all outline-none placeholder:text-white/40 focus:ring-2  focus:border-teal-400 focus:ring-teal-400/20 \"\u001b[39m\n                        \u001b[33mid\u001b[39m=\u001b[32m\"input-startYear\"\u001b[39m\n                        \u001b[33mname\u001b[39m=\u001b[32m\"startYear\"\u001b[39m\n                        \u001b[33mplaceholder\u001b[39m=\u001b[32m\"Start Year\"\u001b[39m\n                        \u001b[33mtype\u001b[39m=\u001b[32m\"date\"\u001b[39m\n                        \u001b[33mvalue\u001b[39m=\u001b[32m\"2023-01\"\u001b[39m\n                      \u001b[36m/>\u001b[39m\n                      \u001b[36m<label\u001b[39m\n                        \u001b[33mclass\u001b[39m=\u001b[32m\"floating-label\"\u001b[39m\n                        \u001b[33mfor\u001b[39m=\u001b[32m\"input-startYear\"\u001b[39m\n                      \u001b[36m>\u001b[39m\n                        \u001b[0mStart Year\u001b[0m\n                      \u001b[36m</label>\u001b[39m\n                    \u001b[36m</div>\u001b[39m\n                  \u001b[36m</div>\u001b[39m\n                  \u001b[36m<div\u001b[39m\n                    \u001b[33mclass\u001b[39m=\u001b[32m\"space-y-1 flex-1\"\u001b[39m\n                  \u001b[36m>\u001b[39m\n                    \u001b[36m<div\u001b[39m\n                      \u001b[33mclass\u001b[39m=\u001b[32m\"floating-label-group\"\u001b[39m\n                    \u001b[36m>\u001b[39m\n                      \u001b[36m<input\u001b[39m\n                        \u001b[33maria-label\u001b[39m=\u001b[32m\"End Year\"\u001b[39m\n                        \u001b[33mclass\u001b[39m=\u001b[32m\"w-full rounded-lg border border-white/20 bg-white/10 px-4 py-3 text-sm text-white transition-all outline-none placeholder:text-white/40 focus:ring-2  focus:border-teal-400 focus:ring-teal-400/20 \"\u001b[39m\n                        \u001b[33mid\u001b[39m=\u001b[32m\"input-endYear\"\u001b[39m\n                        \u001b[33mname\u001b[39m=\u001b[32m\"endYear\"\u001b[39m\n                        \u001b[33mplaceholder\u001b[39m=\u001b[32m\"End Year\"\u001b[39m\n                        \u001b[33mtype\u001b[39m=\u001b[32m\"date\"\u001b[39m\n                        \u001b[33mvalue\u001b[39m=\u001b[32m\"2023-12\"\u001b[39m\n                      \u001b[36m/>\u001b[39m\n                      \u001b[36m<label\u001b[39m\n                        \u001b[33mclass\u001b[39m=\u001b[32m\"floating-label\"\u001b[39m\n                        \u001b[33mfor\u001b[39m=\u001b[32m\"input-endYear\"\u001b[39m\n                      \u001b[36m>\u001b[39m\n                        \u001b[0mEnd Year\u001b[0m\n                      \u001b[36m</label>\u001b[39m\n                    \u001b[36m</div>\u001b[39m\n                  \u001b[36m</div>\u001b[39m\n                  \u001b[36m<button\u001b[39m\n                    \u001b[33mclass\u001b[39m=\u001b[32m\"flex-shrink-0 cursor-pointer rounded-lg px-3 py-2 text-red-400 transition-all hover:bg-red-400/10 hover:text-red-300 \"\u001b[39m\n                    \u001b[33mtitle\u001b[39m=\u001b[32m\"Delete this project\"\u001b[39m\n                    \u001b[33mtype\u001b[39m=\u001b[32m\"button\"\u001b[39m\n                  \u001b[36m>\u001b[39m\n                    \u001b[36m<svg\u001b[39m\n                      \u001b[33mclass\u001b[39m=\u001b[32m\"text-xl\"\u001b[39m\n                      \u001b[33mfill\u001b[39m=\u001b[32m\"currentColor\"\u001b[39m\n                      \u001b[33mheight\u001b[39m=\u001b[32m\"1em\"\u001b[39m\n                      \u001b[33mstroke\u001b[39m=\u001b[32m\"currentColor\"\u001b[39m\n                      \u001b[33mstroke-width\u001b[39m=\u001b[32m\"0\"\u001b[39m\n                      \u001b[33mviewBox\u001b[39m=\u001b[32m\"0 0 24 24\"\u001b[39m\n                      \u001b[33mwidth\u001b[39m=\u001b[32m\"1em\"\u001b[39m\n                      \u001b[33mxmlns\u001b[39m=\u001b[32m\"http://www.w3.org/2000/svg\"\u001b[39m\n                    \u001b[36m>\u001b[39m\n                      \u001b[36m<path\u001b[39m\n                        \u001b[33md\u001b[39m=\u001b[32m\"M0 0h24v24H0z\"\u001b[39m\n                        \u001b[33mfill\u001b[39m=\u001b[32m\"none\"\u001b[39m\n                      \u001b[36m/>\u001b[39m\n                      \u001b[36m<path\u001b[39m\n                        \u001b[33md\u001b[39m=\u001b[32m\"M6 19c0 1.1.9 2 2 2h8c1.1 0 2-.9 2-2V7H6v12zM19 4h-3.5l-1-1h-5l-1 1H5v2h14V4z\"\u001b[39m\n                      \u001b[36m/>\u001b[39m\n                    \u001b[36m</svg>\u001b[39m\n                  \u001b[36m</button>\u001b[39m\n                \u001b[36m</div>\u001b[39m\n              \u001b[36m</div>\u001b[39m\n            \u001b[36m</div>\u001b[39m\n          \u001b[36m</div>\u001b[39m\n        \u001b[36m</div>\u001b[39m\n      \u001b[36m</div>\u001b[39m\n      \u001b[36m<div\u001b[39m\n        \u001b[33mclass\u001b[39m=\u001b[32m\"my-2 flex flex-wrap gap-2\"\u001b[39m\n      \u001b[36m>\u001b[39m\n        \u001b[36m<button\u001b[39m\n          \u001b[33maria-label\u001b[39m=\u001b[32m\"Add Project\"\u001b[39m\n          \u001b[33mclass\u001b[39m=\u001b[32m\"inline-flex cursor-pointer items-center gap-2 rounded bg-red-800 px-3 py-1.5 text-sm text-white transition-colors hover:opacity-90\"\u001b[39m\n          \u001b[33mtype\u001b[39m=\u001b[32m\"button\"\u001b[39m\n        \u001b[36m>\u001b[39m\n          \u001b[36m<svg\u001b[39m\n            \u001b[33mclass\u001b[39m=\u001b[32m\"text-lg\"\u001b[39m\n            \u001b[33mfill\u001b[39m=\u001b[32m\"currentColor\"\u001b[39m\n            \u001b[33mheight\u001b[39m=\u001b[32m\"1em\"\u001b[39m\n            \u001b[33mstroke\u001b[39m=\u001b[32m\"currentColor\"\u001b[39m\n            \u001b[33mstroke-width\u001b[39m=\u001b[32m\"0\"\u001b[39m\n            \u001b[33mviewBox\u001b[39m=\u001b[32m\"0 0 24 24\"\u001b[39m\n            \u001b[33mwidth\u001b[39m=\u001b[32m\"1em\"\u001b[39m\n            \u001b[33mxmlns\u001b[39m=\u001b[32m\"http://www.w3.org/2000/svg\"\u001b[39m\n          \u001b[36m>\u001b[39m\n            \u001b[36m<path\u001b[39m\n              \u001b[33md\u001b[39m=\u001b[32m\"M0 0h24v24H0z\"\u001b[39m\n              \u001b[33mfill\u001b[39m=\u001b[32m\"none\"\u001b[39m\n            \u001b[36m/>\u001b[39m\n            \u001b[36m<path\u001b[39m\n              \u001b[33md\u001b[39m=\u001b[32m\"M12 2C6.48 2 2 6.48 2 12s4.48 10 10 10 10-4.48 10-10S17.52 2 12 2zm5 11h-4v4h-2v-4H7v-2h4V7h2v4h4v2z\"\u001b[39m\n            \u001b[36m/>\u001b[39m\n          \u001b[36m</svg>\u001b[39m\n          \u001b[36m<span>\u001b[39m\n            \u001b[0mAdd \u001b[0m\n            \u001b[0mProject\u001b[0m\n          \u001b[36m</span>\u001b[39m\n        \u001b[36m</button>\u001b[39m\n      \u001b[36m</div>\u001b[39m\n    \u001b[36m</div>\u001b[39m\n  \u001b[36m</div>\u001b[39m\n\u001b[36m</body>\u001b[39m\n    at Object.getElementError (/Users/aloshy/aloshy-ai/jsonresume-to-everything/node_modules/@testing-library/dom/dist/config.js:37:19)\n    at /Users/aloshy/aloshy-ai/jsonresume-to-everything/node_modules/@testing-library/dom/dist/query-helpers.js:76:38\n    at /Users/aloshy/aloshy-ai/jsonresume-to-everything/node_modules/@testing-library/dom/dist/query-helpers.js:52:17\n    at /Users/aloshy/aloshy-ai/jsonresume-to-everything/node_modules/@testing-library/dom/dist/query-helpers.js:95:19\n    at Object.getByPlaceholderText (/Users/aloshy/aloshy-ai/jsonresume-to-everything/src/components/resume/forms/__tests__/Projects.test.tsx:129:14)\n    at Promise.finally.completed (/Users/aloshy/aloshy-ai/jsonresume-to-everything/node_modules/jest-circus/build/jestAdapterInit.js:1557:28)\n    at new Promise (<anonymous>)\n    at callAsyncCircusFn (/Users/aloshy/aloshy-ai/jsonresume-to-everything/node_modules/jest-circus/build/jestAdapterInit.js:1497:10)\n    at _callCircusTest (/Users/aloshy/aloshy-ai/jsonresume-to-everything/node_modules/jest-circus/build/jestAdapterInit.js:1007:40)\n    at processTicksAndRejections (node:internal/process/task_queues:104:5)\n    at _runTest (/Users/aloshy/aloshy-ai/jsonresume-to-everything/node_modules/jest-circus/build/jestAdapterInit.js:947:3)\n    at /Users/aloshy/aloshy-ai/jsonresume-to-everything/node_modules/jest-circus/build/jestAdapterInit.js:849:7\n    at _runTestsForDescribeBlock (/Users/aloshy/aloshy-ai/jsonresume-to-everything/node_modules/jest-circus/build/jestAdapterInit.js:862:11)\n    at _runTestsForDescribeBlock (/Users/aloshy/aloshy-ai/jsonresume-to-everything/node_modules/jest-circus/build/jestAdapterInit.js:857:11)\n    at run (/Users/aloshy/aloshy-ai/jsonresume-to-everything/node_modules/jest-circus/build/jestAdapterInit.js:761:3)\n    at runAndTransformResultsToJestFormat (/Users/aloshy/aloshy-ai/jsonresume-to-everything/node_modules/jest-circus/build/jestAdapterInit.js:1918:21)\n    at jestAdapter (/Users/aloshy/aloshy-ai/jsonresume-to-everything/node_modules/jest-circus/build/runner.js:101:19)\n    at runTestInternal (/Users/aloshy/aloshy-ai/jsonresume-to-everything/node_modules/jest-runner/build/testWorker.js:275:16)\n    at runTest (/Users/aloshy/aloshy-ai/jsonresume-to-everything/node_modules/jest-runner/build/testWorker.js:343:7)\n    at Object.worker (/Users/aloshy/aloshy-ai/jsonresume-to-everything/node_modules/jest-runner/build/testWorker.js:497:12)"],"fullName":"Projects Form Component renders all form fields for a project","invocations":1,"location":null,"numPassingAsserts":3,"retryReasons":[],"startAt":1770880871696,"status":"failed","title":"renders all form fields for a project"},{"ancestorTitles":["Projects Form Component"],"duration":14,"failing":false,"failureDetails":[],"failureMessages":[],"fullName":"Projects Form Component updates project name on input change","invocations":1,"location":null,"numPassingAsserts":1,"retryReasons":[],"startAt":1770880871750,"status":"passed","title":"updates project name on input change"},{"ancestorTitles":["Projects Form Component"],"duration":11,"failing":false,"failureDetails":[],"failureMessages":[],"fullName":"Projects Form Component updates project link on input change","invocations":1,"location":null,"numPassingAsserts":1,"retryReasons":[],"startAt":1770880871764,"status":"passed","title":"updates project link on input change"},{"ancestorTitles":["Projects Form Component"],"duration":12,"failing":false,"failureDetails":[],"failureMessages":[],"fullName":"Projects Form Component updates project description on textarea change","invocations":1,"location":null,"numP
[...]
e client applications including AngularJS web platforms and cross-platform mobile solutions.Designed normalized database schemas, optimized SQL queries and indexing strategies, and implemented stored procedures with comprehensive test coverage.Tech Stack: AngularJS, Node.js, Express.js, JavaScript, MySQL, OpenAPI/Swagger, Ionic, React NativeRM plc.Jun, 2011 - Mar, 2016Software EngineerSupported a school MIS system (RM Integris) featuring student management, grade tracking, attendance monitoring, parent portals, and performance analytics.Implemented OpenAPI/Swagger bridging layer to modernize legacy SOAP APIs for RESTful client consumption.Prototyped AngularJS interface to decouple presentation layer from legacy Struts JSP architecture.Mentored interns and onboarded new team members through technical guidance and knowledge transfer.Maintained load-balanced Linux VM clusters hosting distributed web, application, and database tiers.Tech Stack: Java, Struts, JSP, SOAP, RESTful, MySQL, Linux, Tomcat, ApachePosibolt Solutions Pvt. Ltd.Jul, 2010 - Jan, 2011Junior Software EngineerBootstrapped on an adaptable cloud ERP solution (Posibolt) serving key retail businesses across global industry segments.Created UI mockups based on SRS specifications and converted approved designs into responsive HTML/CSS templates.Developed integration test cases and implemented browser automation using Selenium WebDriver.Authored user documentation including help articles, user guides, FAQs, and product website content.Tech Stack: HTML, CSS, JavaScript, jQuery, Selenium WebDriver, Java, JSP\u001b[39m\n\n    Ignored nodes: comments, script, style\n    \u001b[36m<html>\u001b[39m\n      \u001b[36m<head />\u001b[39m\n      \u001b[36m<body>\u001b[39m\n        \u001b[36m<div>\u001b[39m\n          \u001b[36m<div\u001b[39m\n            \u001b[33mdata-testid\u001b[39m=\u001b[32m\"onborda-provider\"\u001b[39m\n          \u001b[36m>\u001b[39m\n            \u001b[36m<div\u001b[39m\n              \u001b[33mdata-show\u001b[39m=\u001b[32m\"false\"\u001b[39m\n              \u001b[33mdata-testid\u001b[39m=\u001b[32m\"onborda\"\u001b[39m\n            \u001b[36m>\u001b[39m\n              \u001b[36m<section\u001b[39m\n                \u001b[33maria-atomic\u001b[39m=\u001b[32m\"false\"\u001b[39m\n                \u001b[33maria-label\u001b[39m=\u001b[32m\"Notifications alt+T\"\u001b[39m\n                \u001b[33maria-live\u001b[39m=\u001b[32m\"polite\"\u001b[39m\n                \u001b[33maria-relevant\u001b[39m=\u001b[32m\"additions text\"\u001b[39m\n                \u001b[33mtabindex\u001b[39m=\u001b[32m\"-1\"\u001b[39m\n              \u001b[36m/>\u001b[39m\n              \u001b[36m<div\u001b[39m\n                \u001b[33mclass\u001b[39m=\u001b[32m\"flex min-h-screen flex-col bg-gradient-to-br from-gray-900 via-black to-gray-900\"\u001b[39m\n              \u001b[36m>\u001b[39m\n                \u001b[36m<div\u001b[39m\n                  \u001b[33mclass\u001b[39m=\u001b[32m\"relative flex flex-1 flex-col md:grid md:grid-cols-[1fr_auto]\"\u001b[39m\n                \u001b[36m>\u001b[39m\n                  \u001b[36m<div\u001b[39m\n                    \u001b[33mclass\u001b[39m=\u001b[32m\"exclude-print fixed right-8 bottom-8 z-50 md:top-8 md:bottom-auto\"\u001b[39m\n                    \u001b[33mid\u001b[39m=\u001b[32m\"print-button\"\u001b[39m\n                  \u001b[36m>\u001b[39m\n                    \u001b[36m<div\u001b[39m\n                      \u001b[33mclass\u001b[39m=\u001b[32m\"flex rounded-full shadow-2xl\"\u001b[39m\n                    \u001b[36m>\u001b[39m\n                      \u001b[36m<button\u001b[39m\n                        \u001b[33maria-label\u001b[39m=\u001b[32m\"Print to PDF\"\u001b[39m\n                        \u001b[33mclass\u001b[39m=\u001b[32m\"group inline-flex cursor-pointer items-center gap-2 rounded-l-full bg-gradient-to-r from-purple-600 to-pink-600 px-4 py-3 text-sm font-medium text-white transition-all hover:scale-[1.02] hover:from-purple-700 hover:to-pink-700 focus:ring-2 focus:ring-purple-500 focus:ring-offset-2 focus:ring-offset-gray-900 focus:outline-none active:scale-[0.98] md:px-6\"\u001b[39m\n                        \u001b[33mtype\u001b[39m=\u001b[32m\"button\"\u001b[39m\n                      \u001b[36m>\u001b[39m\n                        \u001b[36m<svg\u001b[39m\n                          \u001b[33mclass\u001b[39m=\u001b[32m\"text-lg transition-transform group-hover:scale-110\"\u001b[39m\n                          \u001b[33mfill\u001b[39m=\u001b[32m\"currentColor\"\u001b[39m\n                          \u001b[33mheight\u001b[39m=\u001b[32m\"1em\"\u001b[39m\n                          \u001b[33mstroke\u001b[39m=\u001b[32m\"currentColor\"\u001b[39m\n                          \u001b[33mstroke-width\u001b[39m=\u001b[32m\"0\"\u001b[39m\n                          \u001b[33mviewBox\u001b[39m=\u001b[32m\"0 0 24 24\"\u001b[39m\n                          \u001b[33mwidth\u001b[39m=\u001b[32m\"1em\"\u001b[39m\n                          \u001b[33mxmlns\u001b[39m=\u001b[32m\"http://www.w3.org/2000/svg\"\u001b[39m\n                        \u001b[36m>\u001b[39m\n                          \u001b[36m<path\u001b[39m\n                            \u001b[33md\u001b[39m=\u001b[32m\"M0 0h24v24H0z\"\u001b[39m\n                            \u001b[33mfill\u001b[39m=\u001b[32m\"none\"\u001b[39m\n                          \u001b[36m/>\u001b[39m\n                          \u001b[36m<path\u001b[39m\n                            \u001b[33md\u001b[39m=\u001b[32m\"M20 2H8c-1.1 0-2 .9-2 2v12c0 1.1.9 2 2 2h12c1.1 0 2-.9 2-2V4c0-1.1-.9-2-2-2zm-8.5 7.5c0 .83-.67 1.5-1.5 1.5H9v2H7.5V7H10c.83 0 1.5.67 1.5 1.5v1zm5 2c0 .83-.67 1.5-1.5 1.5h-2.5V7H15c.83 0 1.5.67 1.5 1.5v3zm4-3H19v1h1.5V11H19v2h-1.5V7h3v1.5zM9 9.5h1v-1H9v1zM4 6H2v14c0 1.1.9 2 2 2h14v-2H4V6zm10 5.5h1v-3h-1v3z\"\u001b[39m\n                          \u001b[36m/>\u001b[39m\n                        \u001b[36m</svg>\u001b[39m\n                        \u001b[36m<span\u001b[39m\n                          \u001b[33mclass\u001b[39m=\u001b[32m\"hidden md:inline\"\u001b[39m\n                        \u001b[36m>\u001b[39m\n                          \u001b[0mPrint\u001b[0m\n                        \u001b[36m</span>\u001b[39m\n                      \u001b[36m</button>\u001b[39m\n                      \u001b[36m<button\u001b[39m\n                        \u001b[33maria-label\u001b[39m=\u001b[32m\"Copy text to clipboard\"\u001b[39m\n                        \u001b[33mclass\u001b[39m=\u001b[32m\"group inline-flex cursor-pointer items-center gap-2 rounded-r-full border-l border-purple-700/50 bg-gradient-to-r from-purple-600 to-pink-600 px-4 py-3 text-sm font-medium text-white transition-all hover:scale-[1.02] hover:from-purple-700 hover:to-pink-700 focus:ring-2 focus:ring-purple-500 focus:ring-offset-2 focus:ring-offset-gray-900 focus:outline-none active:scale-[0.98] disabled:cursor-not-allowed disabled:opacity-50 disabled:hover:scale-100 md:px-6\"\u001b[39m\n                        \u001b[33mtype\u001b[39m=\u001b[32m\"button\"\u001b[39m\n                      \u001b[36m>\u001b[39m\n                        \u001b[36m<svg\u001b[39m\n                          \u001b[33mclass\u001b[39m=\u001b[32m\"text-lg transition-transform group-hover:scale-110\"\u001b[39m\n                          \u001b[33mfill\u001b[39m=\u001b[32m\"currentColor\"\u001b[39m\n                          \u001b[33mheight\u001b[39m=\u001b[32m\"1em\"\u001b[39m\n                          \u001b[33mstroke\u001b[39m=\u001b[32m\"currentColor\"\u001b[39m\n                          \u001b[33mstroke-width\u001b[39m=\u001b[32m\"0\"\u001b[39m\n                          \u001b[33mviewBox\u001b[39m=\u001b[32m\"0 0 24 24\"\u001b[39m\n                          \u001b[33mwidth\u001b[39m=\u001b[32m\"1em\"\u001b[39m\n                          \u001b[33mxmlns\u001b[39m=\u001b[32m\"http://www.w3.org/2000/svg\"\u001b[39m\n                        \u001b[36m>\u001b[39m\n                          \u001b[36m<path\u001b[39m\n                            \u001b[33md\u001b[39m=\u001b[32m\"M0 0h24v24H0z\"\u001b[39m\n                            \u001b[33mfill\u001b[39m=\u001b[32m\"none\"\u001b[39m\n                          \u001b[36m/>\u001b[39m\n                          \u001b[36m<path\u001b[39m\n                            \u001b[33md\u001b[39m=\u001b[32m\"M16 1H4c-1.1 0-2 .9-2 2v14h2V3h12V1zm3 4H8c-1.1 0-2 .9-2 2v14c0 1.1.9 2 2 2h11c1.1 0 2-.9 2-2V7c0-1.1-.9-2-2-2zm0 16H8V7h11v14z\"\u001b[39m\n                          \u001b[36m/>\u001b[39m\n                        \u001b[36m</svg>\u001b[39m\n                        \u001b[36m<span\u001b[39m\n                          \u001b[33mclass\u001b[39m=\u001b[32m\"hidden md:inline\"\u001b[39m\n                        \u001b[36m>\u001b[39m\n                          \u001b[0mCopy\u001b[0m\n                        \u001b[36m</span>\u001b[39m\n                      \u001b[36m</button>\u001b[39m\n                    \u001b[36m</div>\u001b[39m\n                  \u001b[36m</div>\u001b[39m\n                  \u001b[36m<form\u001b[39m\n                    \u001b[33mclass\u001b[39m=\u001b[32m\"exclude-print flex-1 space-y-4 overflow-y-scroll p-4 md:h-0 md:min-h-full md:flex-none md:space-y-5 md:p-6 lg:p-8 [&::-webkit-scrollbar]:w-2 [&::-webkit-scrollbar-thumb]:rounded-full [&::-webkit-scrollbar-thumb]:bg-white/20 hover:[&::-webkit-scrollbar-thumb]:bg-white/30 [&::-webkit-scrollbar-track]:bg-white/5\"\u001b[39m\n                  \u001b[36m>\u001b[39m\n                    \u001b[36m<div\u001b[39m\n                      \u001b[33mclass\u001b[39m=\u001b[32m\"space-y-3 border-b border-white/10 pb-4\"\u001b[39m\n                      \u001b[33mid\u001b[39m=\u001b[32m\"editor-header\"\u001b[39m\n                    \u001b[36m>\u001b[39m\n                      \u001b[36m<div\u001b[39m\n                        \u001b[33mclass\u001b[39m=\u001b[32m\"flex items-center gap-3\"\u001b[39m\n                      \u001b[36m>\u001b[39m\n                        \u001b[36m<div\u001b[39m\n                          \u001b[33mclass\u001b[39m=\u001b[32m\"flex h-10 w-10 items-center justify-center rounded-xl bg-gradient-to-br from-blue-500 to-purple-500 shadow-lg\"\u001b[39m\n                        \u001b[36m>\u001b[39m\n                          \u001b[36m<span\u001b[39m\n                            \u001b[33mclass\u001b[39m=\u001b[32m\"text-xl\"\u001b[39m\n                          \u001b[36m>\u001b[39m\n                            \u001b[0m🎯\u001b[0m\n                          \u001b[36m</span>\u001b[39m\n                        \u001b[36m</div>\u001b[39m\n                        \u001b[36m<div>\u001b[39m\n                          \u001b[36m<h1\u001b[39m\n                            \u001b[33mclass\u001b[39m=\u001b[32m\"text-xl font-bold text-white\"\u001b[39m\n                          \u001b[36m>\u001b[39m\n                            \u001b[0mAI Resume Builder\u001b[0m\n                          \u001b[36m</h1>\u001b[3...\n\u001b[2m\u001b[22m\n\u001b[2m    \u001b[0m \u001b[90m 446 |\u001b[39m         \u001b[36mawait\u001b[39m waitFor(() \u001b[33m=>\u001b[39m {\u001b[22m\n\u001b[2m     \u001b[90m 447 |\u001b[39m           \u001b[36mconst\u001b[39m preview \u001b[33m=\u001b[39m container\u001b[33m.\u001b[39mquerySelector(\u001b[32m'.preview'\u001b[39m)\u001b[22m\n\u001b[2m    \u001b[31m\u001b[1m>\u001b[22m\u001b[2m\u001b[39m\u001b[90m 448 |\u001b[39m           expect(preview)\u001b[33m.\u001b[39mtoHaveTextContent(\u001b[32m'twitter.com/johndoe'\u001b[39m)\u001b[22m\n\u001b[2m     \u001b[90m     |\u001b[39m                           \u001b[31m\u001b[1m^\u001b[22m\u001b[2m\u001b[39m\u001b[22m\n\u001b[2m     \u001b[90m 449 |\u001b[39m         })\u001b[22m\n\u001b[2m     \u001b[90m 450 |\u001b[39m       }\u001b[22m\n\u001b[2m     \u001b[90m 451 |\u001b[39m     })\u001b[0m\u001b[22m\n\u001b[2m\u001b[22m\n\u001b[2m      \u001b[2mat toHaveTextContent (\u001b[22m\u001b[2m\u001b[0m\u001b[36msrc/app/resume/builder/__tests__/FormPreviewSync.integration.test.tsx\u001b[39m\u001b[0m\u001b[2m:448:27)\u001b[22m\u001b[2m\u001b[22m\n\u001b[2m      \u001b[2mat runWithExpensiveErrorDiagnosticsDisabled (\u001b[22m\u001b[2mnode_modules/@testing-library/dom/dist/config.js\u001b[2m:47:12)\u001b[22m\u001b[2m\u001b[22m\n\u001b[2m      \u001b[2mat checkCallback (\u001b[22m\u001b[2mnode_modules/@testing-library/dom/dist/wait-for.js\u001b[2m:124:77)\u001b[22m\u001b[2m\u001b[22m\n\u001b[2m      \u001b[2mat checkRealTimersCallback (\u001b[22m\u001b[2mnode_modules/@testing-library/dom/dist/wait-for.js\u001b[2m:118:16)\u001b[22m\u001b[2m\u001b[22m\n\u001b[2m      \u001b[2mat Timeout.task [as _onTimeout] (\u001b[22m\u001b[2mnode_modules/jsdom/lib/jsdom/browser/Window.js\u001b[2m:579:19)\u001b[22m\u001b[2m\u001b[22m\n","name":"/Users/aloshy/aloshy-ai/jsonresume-to-everything/src/app/resume/builder/__tests__/FormPreviewSync.integration.test.tsx","startTime":1770880870588,"status":"failed","summary":""},{"assertionResults":[{"ancestorTitles":["Integration: Complete Edit → Preview → Print Workflow","Basic Edit → Preview Workflow"],"duration":34168,"failing":false,"failureDetails":[],"failureMessages":[],"fullName":"Integration: Complete Edit → Preview → Print Workflow Basic Edit → Preview Workflow should allow user to create a resume from scratch and see live preview","invocations":1,"location":null,"numPassingAsserts":9,"retryReasons":[],"startAt":1770880872195,"status":"passed","title":"should allow user to create a resume from scratch and see live preview"},{"ancestorTitles":["Integration: Complete Edit → Preview → Print Workflow","Basic Edit → Preview Workflow"],"duration":7397,"failing":false,"failureDetails":[],"failureMessages":[],"fullName":"Integration: Complete Edit → Preview → Print Workflow Basic Edit → Preview Workflow should maintain data consistency throughout the edit workflow","invocations":1,"location":null,"numPassingAsserts":5,"retryReasons":[],"startAt":1770880906365,"status":"passed","title":"should maintain data consistency throughout the edit workflow"},{"ancestorTitles":["Integration: Complete Edit → Preview → Print Workflow","Import → Edit → Preview Workflow"],"duration":7968,"failing":false,"failureDetails":[],"failureMessages":[],"fullName":"Integration: Complete Edit → Preview → Print Workflow Import → Edit → Preview Workflow should allow importing a resume, editing it, and seeing changes in preview","invocations":1,"location":null,"numPassingAsserts":4,"retryReasons":[],"startAt":1770880913764,"status":"passed","title":"should allow importing a resume, editing it, and seeing changes in preview"},{"ancestorTitles":["Integration: Complete Edit → Preview → Print Workflow","Import → Edit → Preview Workflow"],"duration":7418,"failing":false,"failureDetails":[],"failureMessages":[],"fullName":"Integration: Complete Edit → Preview → Print Workflow Import → Edit → Preview Workflow should allow adding new sections to imported resume","invocations":1,"location":null,"numPassingAsserts":5,"retryReasons":[],"startAt":1770880921733,"status":"passed","title":"should allow adding new sections to imported resume"},{"ancestorTitles":["Integration: Complete Edit → Preview → Print Workflow","Export Workflow"],"duration":9226,"failing":false,"failureDetails":[],"failureMessages":[],"fullName":"Integration: Complete Edit → Preview → Print Workflow Export Workflow should allow exporting edited resume as JSON","invocations":1,"location":null,"numPassingAsserts":3,"retryReasons":[],"startAt":1770880929151,"status":"passed","title":"should allow exporting edited resume as JSON"},{"ancestorTitles":["Integration: Complete Edit → Preview → Print Workflow","Print Workflow"],"duration":4072,"failing":false,"failureDetails":[],"failureMessages":[],"fullName":"Integration: Complete Edit → Preview → Print Workflow Print Workflow should display print button that is accessible throughout editing","invocations":1,"location":null,"numPassingAsserts":2,"retryReasons":[],"startAt":1770880938380,"status":"passed","title":"should display print button that is accessible throughout editing"},{"ancestorTitles":["Integration: Complete Edit → Preview → Print Workflow","Print Workflow"],"duration":1508,"failing":false,"failureDetails":[],"failureMessages":[],"fullName":"Integration: Complete Edit → Preview → Print Workflow Print Workflow should trigger print dialog when print button is clicked","invocations":1,"location":null,"numPassingAsserts":1,"retryReasons":[],"startAt":1770880942452,"status":"passed","title":"should trigger print dialog when print button is clicked"},{"ancestorTitles":["Integration: Complete Edit → Preview → Print Workflow","Print Workflow"],"duration":3528,"failing":false,"failureDetails":[],"failureMessages":[],"fullName":"Integration: Complete Edit → Preview → Print Workflow Print Workflow should show formatted preview ready for printing","invocations":1,"location":null,"numPassingAsserts":5,"retryReasons":[],"startAt":1770880943960,"status":"passed","title":"should show formatted preview ready for printing"},{"ancestorTitles":["Integration: Complete Edit → Preview → Print Workflow","Complex Multi-Step Workflow"],"duration":6086,"failing":false,"failureDetails":[],"failureMessages":[],"fullName":"Integration: Complete Edit → Preview → Print Workflow Complex Multi-Step Workflow should handle complete resume creation from blank to print-ready","invocations":1,"location":null,"numPassingAsserts":11,"retryReasons":[],"startAt":1770880947488,"status":"passed","title":"should handle complete resume creation from blank to print-ready"},{"ancestorTitles":["Integration: Complete Edit → Preview → Print Workflow","Complex Multi-Step Workflow"],"duration":1745,"failing":false,"failureDetails":[],"failureMessages":[],"fullName":"Integration: Complete Edit → Preview → Print Workflow Complex Multi-Step Workflow should allow editing, reviewing in preview, making corrections, and printing","invocations":1,"location":null,"numPassingAsserts":6,"retryReasons":[],"startAt":1770880953574,"status":"passed","title":"should allow editing, reviewing in preview, making corrections, and printing"},{"ancestorTitles":["Integration: Complete Edit → Preview → Print Workflow","Responsive Preview Behavior"],"duration":572,"failing":false,"failureDetails":[],"failureMessages":[],"fullName":"Integration: Complete Edit → Preview → Print Workflow Responsive Preview Behavior should maintain preview visibility during editing on desktop layout","invocations":1,"location":null,"numPassingAsserts":5,"retryReasons":[],"startAt":1770880955319,"status":"passed","title":"should maintain preview visibility during editing on desktop layout"},{"ancestorTitles":["Integration: Complete Edit → Preview → Print Workflow","Responsive Preview Behavior"],"duration":237,"failing":false,"failureDetails":[],"failureMessages":[],"fullName":"Integration: Complete Edit → Preview → Print Workflow Responsive Preview Behavior should display preview with proper styling for print media","invocations":1,"location":null,"numPassingAsserts":3,"retryReasons":[],"startAt":1770880955891,"status":"passed","title":"should display preview with proper styling for print media"},{"ancestorTitles":["Integration: Complete Edit → Preview → Print Workflow","Data Persistence During Workflow"],"duration":1356,"failing":false,"failureDetails":[],"failureMessages":[],"fullName":"Integration: Complete Edit → Preview → Print Workflow Data Persistence During Workflow should maintain all data when user adds multiple sections sequentially","invocations":1,"location":null,"numPassingAsserts":4,"retryReasons":[],"startAt":1770880956128,"status":"passed","title":"should maintain all data when user adds multiple sections sequentially"}],"endTime":1770880957492,"message":"","name":"/Users/aloshy/aloshy-ai/jsonresume-to-everything/src/app/resume/builder/__tests__/CompleteWorkflow.integration.test.tsx","startTime":1770880870579,"status":"passed","summary":""}],"wasInterrupted":false}
